2024-01-05 08:50:19.795  INFO 35968 --- [main] f.ForestChiefManagementSystemApplication : Starting ForestChiefManagementSystemApplication using Java 1.8.0_362 on LAPTOP-U7IJCIHA with PID 35968 (D:\java\xm\ForestChiefManagementSystem\target\classes started by hm in D:\java\xm\ForestChiefManagementSystem)
2024-01-05 08:50:19.804 DEBUG 35968 --- [main] f.ForestChiefManagementSystemApplication : Running with Spring Boot v2.7.6, Spring v5.3.24
2024-01-05 08:50:19.805  INFO 35968 --- [main] f.ForestChiefManagementSystemApplication : No active profile set, falling back to 1 default profile: "default"
2024-01-05 08:50:21.699  INFO 35968 --- [main] o.s.b.w.embedded.tomcat.TomcatWebServer  : Tomcat initialized with port(s): 8080 (http)
2024-01-05 08:50:21.700  INFO 35968 --- [main] o.a.catalina.core.AprLifecycleListener   : Loaded Apache Tomcat Native library [1.2.35] using APR version [1.7.0].
2024-01-05 08:50:21.701  INFO 35968 --- [main] o.a.catalina.core.AprLifecycleListener   : APR capabilities: IPv6 [true], sendfile [true], accept filters [false], random [true], UDS [true].
2024-01-05 08:50:21.701  INFO 35968 --- [main] o.a.catalina.core.AprLifecycleListener   : APR/OpenSSL configuration: useAprConnector [false], useOpenSSL [true]
2024-01-05 08:50:21.706  INFO 35968 --- [main] o.a.catalina.core.AprLifecycleListener   : OpenSSL successfully initialized [OpenSSL 1.1.1q  5 Jul 2022]
2024-01-05 08:50:21.717  INFO 35968 --- [main] o.apache.catalina.core.StandardService   : Starting service [Tomcat]
2024-01-05 08:50:21.718  INFO 35968 --- [main] org.apache.catalina.core.StandardEngine  : Starting Servlet engine: [Apache Tomcat/9.0.69]
2024-01-05 08:50:22.193  INFO 35968 --- [main] o.a.c.c.C.[Tomcat].[localhost].[/]       : Initializing Spring embedded WebApplicationContext
2024-01-05 08:50:22.193  INFO 35968 --- [main] w.s.c.ServletWebServerApplicationContext : Root WebApplicationContext: initialization completed in 2337 ms
2024-01-05 08:50:22.381  INFO 35968 --- [main] c.a.d.s.b.a.DruidDataSourceAutoConfigure : Init DruidDataSource
2024-01-05 08:50:22.537  INFO 35968 --- [main] com.alibaba.druid.pool.DruidDataSource   : {dataSource-1} inited
2024-01-05 08:50:25.293  INFO 35968 --- [main] o.s.b.a.w.s.WelcomePageHandlerMapping    : Adding welcome page: class path resource [static/index.html]
2024-01-05 08:50:25.492  INFO 35968 --- [main] o.s.b.w.embedded.tomcat.TomcatWebServer  : Tomcat started on port(s): 8080 (http) with context path ''
2024-01-05 08:50:25.503  INFO 35968 --- [main] f.ForestChiefManagementSystemApplication : Started ForestChiefManagementSystemApplication in 6.222 seconds (JVM running for 8.495)
2024-01-05 08:51:03.964  INFO 35968 --- [http-nio-8080-exec-3] o.a.c.c.C.[Tomcat].[localhost].[/]       : Initializing Spring DispatcherServlet 'dispatcherServlet'
2024-01-05 08:51:03.964  INFO 35968 --- [http-nio-8080-exec-3] o.s.web.servlet.DispatcherServlet        : Initializing Servlet 'dispatcherServlet'
2024-01-05 08:51:03.965  INFO 35968 --- [http-nio-8080-exec-3] o.s.web.servlet.DispatcherServlet        : Completed initialization in 1 ms
2024-01-05 08:51:03.975  INFO 35968 --- [http-nio-8080-exec-3] c.f.config.LogInFilter                   : 拦截到请求GET:/html/login.html
2024-01-05 08:51:03.975  INFO 35968 --- [http-nio-8080-exec-3] c.f.config.LogInFilter                   : /html放行
2024-01-05 08:51:04.290  INFO 35968 --- [http-nio-8080-exec-1] c.f.config.LogInFilter                   : 拦截到请求GET:/css/login.css
2024-01-05 08:51:04.290  INFO 35968 --- [http-nio-8080-exec-5] c.f.config.LogInFilter                   : 拦截到请求GET:/js/vue.js
2024-01-05 08:51:04.290  INFO 35968 --- [http-nio-8080-exec-1] c.f.config.LogInFilter                   : /css放行
2024-01-05 08:51:04.290  INFO 35968 --- [http-nio-8080-exec-5] c.f.config.LogInFilter                   : /js放行
2024-01-05 08:51:04.297  INFO 35968 --- [http-nio-8080-exec-2] c.f.config.LogInFilter                   : 拦截到请求GET:/js/common.js
2024-01-05 08:51:04.297  INFO 35968 --- [http-nio-8080-exec-2] c.f.config.LogInFilter                   : /js放行
2024-01-05 08:51:04.298  INFO 35968 --- [http-nio-8080-exec-6] c.f.config.LogInFilter                   : 拦截到请求GET:/dependency/axios/dist/axios.js
2024-01-05 08:51:04.298  INFO 35968 --- [http-nio-8080-exec-8] c.f.config.LogInFilter                   : 拦截到请求GET:/dependency/element-ui/lib/index.js
2024-01-05 08:51:04.299  INFO 35968 --- [http-nio-8080-exec-6] c.f.config.LogInFilter                   : /dependency放行
2024-01-05 08:51:04.300  INFO 35968 --- [http-nio-8080-exec-8] c.f.config.LogInFilter                   : /dependency放行
2024-01-05 08:51:04.531  INFO 35968 --- [http-nio-8080-exec-7] c.f.config.LogInFilter                   : 拦截到请求GET:/verify_code
2024-01-05 08:51:04.532  INFO 35968 --- [http-nio-8080-exec-4] c.f.config.LogInFilter                   : 拦截到请求GET:/img/static/login.png
2024-01-05 08:51:04.532  INFO 35968 --- [http-nio-8080-exec-7] c.f.config.LogInFilter                   : verify放行
2024-01-05 08:51:04.532  INFO 35968 --- [http-nio-8080-exec-4] c.f.config.LogInFilter                   : /login放行
2024-01-05 08:51:04.610  INFO 35968 --- [http-nio-8080-exec-9] c.f.config.LogInFilter                   : 拦截到请求GET:/dependency/element-ui/lib/theme-chalk/fonts/element-icons.woff
2024-01-05 08:51:04.611  INFO 35968 --- [http-nio-8080-exec-9] c.f.config.LogInFilter                   : /dependency放行
2024-01-05 08:51:05.065  INFO 35968 --- [http-nio-8080-exec-10] c.f.config.LogInFilter                   : 拦截到请求GET:/favicon.ico
2024-01-05 08:51:07.120  INFO 35968 --- [http-nio-8080-exec-3] c.f.config.LogInFilter                   : 拦截到请求GET:/download_img/verify1704415867017
2024-01-05 08:51:07.120  INFO 35968 --- [http-nio-8080-exec-3] c.f.config.LogInFilter                   : verify放行
2024-01-05 08:51:08.656  INFO 35968 --- [http-nio-8080-exec-1] c.f.config.LogInFilter                   : 拦截到请求GET:/account/login
2024-01-05 08:51:08.657  INFO 35968 --- [http-nio-8080-exec-1] c.f.config.LogInFilter                   : /login放行
2024-01-05 08:51:09.426  INFO 35968 --- [http-nio-8080-exec-2] c.f.config.LogInFilter                   : 拦截到请求GET:/img/static/logo.png
2024-01-05 08:51:09.658  INFO 35968 --- [http-nio-8080-exec-6] c.f.config.LogInFilter                   : 拦截到请求GET:/img/static/logout.png
2024-01-05 08:51:09.658  INFO 35968 --- [http-nio-8080-exec-5] c.f.config.LogInFilter                   : 拦截到请求GET:/html/map.html
2024-01-05 08:51:09.659  INFO 35968 --- [http-nio-8080-exec-5] c.f.config.LogInFilter                   : /html放行
2024-01-05 08:51:09.686  INFO 35968 --- [http-nio-8080-exec-8] c.f.config.LogInFilter                   : 拦截到请求GET:/download_img/head1
2024-01-05 08:51:09.693  INFO 35968 --- [http-nio-8080-exec-4] c.f.config.LogInFilter                   : 拦截到请求GET:/personal_information/one
2024-01-05 08:51:09.694  INFO 35968 --- [http-nio-8080-exec-9] c.f.config.LogInFilter                   : 拦截到请求GET:/woods/by_id
2024-01-05 08:51:09.826  INFO 35968 --- [http-nio-8080-exec-10] c.f.config.LogInFilter                   : 拦截到请求GET:/dependency/leaflet/leaflet.js
2024-01-05 08:51:09.826  INFO 35968 --- [http-nio-8080-exec-10] c.f.config.LogInFilter                   : /dependency放行
2024-01-05 08:51:10.143  INFO 35968 --- [http-nio-8080-exec-7] c.f.config.LogInFilter                   : 拦截到请求GET:/woods
2024-01-05 08:51:10.153  INFO 35968 --- [http-nio-8080-exec-3] c.f.config.LogInFilter                   : 拦截到请求GET:/label
2024-01-05 08:51:10.166  INFO 35968 --- [http-nio-8080-exec-1] c.f.config.LogInFilter                   : 拦截到请求GET:/label_example
2024-01-05 08:51:10.393  INFO 35968 --- [http-nio-8080-exec-2] c.f.config.LogInFilter                   : 拦截到请求GET:/download_img/label1686791199396
2024-01-05 08:51:10.409  INFO 35968 --- [http-nio-8080-exec-6] c.f.config.LogInFilter                   : 拦截到请求GET:/download_img/label1686791294467
2024-01-05 08:51:10.409  INFO 35968 --- [http-nio-8080-exec-5] c.f.config.LogInFilter                   : 拦截到请求GET:/download_img/label1702969591499
2024-01-05 08:51:10.409  INFO 35968 --- [http-nio-8080-exec-8] c.f.config.LogInFilter                   : 拦截到请求GET:/download_img/label1686789791848
2024-01-05 08:51:10.411  INFO 35968 --- [http-nio-8080-exec-9] c.f.config.LogInFilter                   : 拦截到请求GET:/download_img/label1686791269437
2024-01-05 08:51:10.411  INFO 35968 --- [http-nio-8080-exec-4] c.f.config.LogInFilter                   : 拦截到请求GET:/download_img/label1686791247940
2024-01-05 08:51:10.726  INFO 35968 --- [http-nio-8080-exec-10] c.f.config.LogInFilter                   : 拦截到请求GET:/favicon.ico
2024-01-05 08:51:12.559  INFO 35968 --- [http-nio-8080-exec-7] c.f.config.LogInFilter                   : 拦截到请求GET:/personal_information
2024-01-05 08:51:12.658  INFO 35968 --- [http-nio-8080-exec-3] c.f.config.LogInFilter                   : 拦截到请求GET:/woods
2024-01-05 08:51:12.729  INFO 35968 --- [http-nio-8080-exec-1] c.f.config.LogInFilter                   : 拦截到请求GET:/download_img/head1686790797930
2024-01-05 08:51:12.731  INFO 35968 --- [http-nio-8080-exec-2] c.f.config.LogInFilter                   : 拦截到请求GET:/download_img/head1686791086084
2024-01-05 08:51:12.731  INFO 35968 --- [http-nio-8080-exec-6] c.f.config.LogInFilter                   : 拦截到请求GET:/download_img/head1686791129871
2024-01-05 08:51:12.732  INFO 35968 --- [http-nio-8080-exec-8] c.f.config.LogInFilter                   : 拦截到请求GET:/download_img/head1686792250739
2024-01-05 08:51:12.732  INFO 35968 --- [http-nio-8080-exec-4] c.f.config.LogInFilter                   : 拦截到请求GET:/download_img/head1686792182132
2024-01-05 08:51:12.733  INFO 35968 --- [http-nio-8080-exec-9] c.f.config.LogInFilter                   : 拦截到请求GET:/download_img/head1686792670254
2024-01-05 08:51:12.743  INFO 35968 --- [http-nio-8080-exec-5] c.f.config.LogInFilter                   : 拦截到请求GET:/download_img/head1686792809251
2024-01-05 08:51:12.748  INFO 35968 --- [http-nio-8080-exec-10] c.f.config.LogInFilter                   : 拦截到请求GET:/download_img/head1686792923783
2024-01-05 08:51:12.749  INFO 35968 --- [http-nio-8080-exec-3] c.f.config.LogInFilter                   : 拦截到请求GET:/download_img/head1686792971429
2024-01-05 08:51:12.750  INFO 35968 --- [http-nio-8080-exec-7] c.f.config.LogInFilter                   : 拦截到请求GET:/download_img/head1686792971425
2024-01-05 08:51:13.470  INFO 35968 --- [http-nio-8080-exec-1] c.f.config.LogInFilter                   : 拦截到请求GET:/html/task.html
2024-01-05 08:51:13.471  INFO 35968 --- [http-nio-8080-exec-1] c.f.config.LogInFilter                   : /html放行
2024-01-05 08:51:13.540  INFO 35968 --- [http-nio-8080-exec-2] c.f.config.LogInFilter                   : 拦截到请求GET:/css/task.css
2024-01-05 08:51:13.540  INFO 35968 --- [http-nio-8080-exec-2] c.f.config.LogInFilter                   : /css放行
2024-01-05 08:51:13.632  INFO 35968 --- [http-nio-8080-exec-9] c.f.config.LogInFilter                   : 拦截到请求GET:/task
2024-01-05 08:51:14.413  INFO 35968 --- [http-nio-8080-exec-8] c.f.config.LogInFilter                   : 拦截到请求GET:/html/inform.html
2024-01-05 08:51:14.413  INFO 35968 --- [http-nio-8080-exec-8] c.f.config.LogInFilter                   : /html放行
2024-01-05 08:51:14.479  INFO 35968 --- [http-nio-8080-exec-6] c.f.config.LogInFilter                   : 拦截到请求GET:/css/inform.css
2024-01-05 08:51:14.480  INFO 35968 --- [http-nio-8080-exec-6] c.f.config.LogInFilter                   : /css放行
2024-01-05 08:51:14.587  INFO 35968 --- [http-nio-8080-exec-4] c.f.config.LogInFilter                   : 拦截到请求GET:/inform/my_inform
2024-01-05 08:51:15.618  INFO 35968 --- [http-nio-8080-exec-5] c.f.config.LogInFilter                   : 拦截到请求GET:/html/label.html
2024-01-05 08:51:15.619  INFO 35968 --- [http-nio-8080-exec-5] c.f.config.LogInFilter                   : /html放行
2024-01-05 08:51:15.723  INFO 35968 --- [http-nio-8080-exec-10] c.f.config.LogInFilter                   : 拦截到请求GET:/css/label.css
2024-01-05 08:51:15.724  INFO 35968 --- [http-nio-8080-exec-10] c.f.config.LogInFilter                   : /css放行
2024-01-05 08:51:15.993  INFO 35968 --- [http-nio-8080-exec-3] c.f.config.LogInFilter                   : 拦截到请求GET:/label/page
2024-01-05 08:51:16.072  INFO 35968 --- [http-nio-8080-exec-7] c.f.config.LogInFilter                   : 拦截到请求GET:/download_img/label1686789791848
2024-01-05 08:51:16.073  INFO 35968 --- [http-nio-8080-exec-1] c.f.config.LogInFilter                   : 拦截到请求GET:/download_img/label1686791199396
2024-01-05 08:51:16.074  INFO 35968 --- [http-nio-8080-exec-2] c.f.config.LogInFilter                   : 拦截到请求GET:/download_img/label1686791247940
2024-01-05 08:51:16.075  INFO 35968 --- [http-nio-8080-exec-9] c.f.config.LogInFilter                   : 拦截到请求GET:/download_img/label1686791269437
2024-01-05 08:51:16.075  INFO 35968 --- [http-nio-8080-exec-8] c.f.config.LogInFilter                   : 拦截到请求GET:/download_img/label1686791294467
2024-01-05 08:51:16.076  INFO 35968 --- [http-nio-8080-exec-6] c.f.config.LogInFilter                   : 拦截到请求GET:/download_img/label1702969591499
2024-01-05 08:51:16.100  INFO 35968 --- [http-nio-8080-exec-4] c.f.config.LogInFilter                   : 拦截到请求GET:/download_img/label1703492016565
2024-01-05 08:51:16.386  INFO 35968 --- [http-nio-8080-exec-5] c.f.config.LogInFilter                   : 拦截到请求GET:/html/patrol.html
2024-01-05 08:51:16.387  INFO 35968 --- [http-nio-8080-exec-5] c.f.config.LogInFilter                   : /html放行
2024-01-05 08:51:16.455  INFO 35968 --- [http-nio-8080-exec-10] c.f.config.LogInFilter                   : 拦截到请求GET:/css/patrol.css
2024-01-05 08:51:16.455  INFO 35968 --- [http-nio-8080-exec-10] c.f.config.LogInFilter                   : /css放行
2024-01-05 08:51:16.591  INFO 35968 --- [http-nio-8080-exec-3] c.f.config.LogInFilter                   : 拦截到请求GET:/patrol
2024-01-05 08:51:16.705  INFO 35968 --- [http-nio-8080-exec-2] c.f.config.LogInFilter                   : 拦截到请求GET:/download_img/head1
2024-01-05 08:51:16.706  INFO 35968 --- [http-nio-8080-exec-7] c.f.config.LogInFilter                   : 拦截到请求GET:/download_img/head1686790797930
2024-01-05 08:51:16.707  INFO 35968 --- [http-nio-8080-exec-1] c.f.config.LogInFilter                   : 拦截到请求GET:/download_img/head1686791086084
2024-01-05 08:51:16.708  INFO 35968 --- [http-nio-8080-exec-9] c.f.config.LogInFilter                   : 拦截到请求GET:/download_img/head1686791129871
2024-01-05 08:51:16.709  INFO 35968 --- [http-nio-8080-exec-8] c.f.config.LogInFilter                   : 拦截到请求GET:/download_img/head1686792182132
2024-01-05 08:51:16.709  INFO 35968 --- [http-nio-8080-exec-6] c.f.config.LogInFilter                   : 拦截到请求GET:/download_img/head1686792250739
2024-01-05 08:51:16.717  INFO 35968 --- [http-nio-8080-exec-4] c.f.config.LogInFilter                   : 拦截到请求GET:/download_img/head1686792670254
2024-01-05 08:51:16.722  INFO 35968 --- [http-nio-8080-exec-5] c.f.config.LogInFilter                   : 拦截到请求GET:/download_img/head1686792809251
2024-01-05 08:51:16.723  INFO 35968 --- [http-nio-8080-exec-10] c.f.config.LogInFilter                   : 拦截到请求GET:/download_img/head1686792923783
2024-01-05 08:51:16.724  INFO 35968 --- [http-nio-8080-exec-3] c.f.config.LogInFilter                   : 拦截到请求GET:/download_img/head1686792971425
2024-01-05 08:51:17.809  INFO 35968 --- [http-nio-8080-exec-2] c.f.config.LogInFilter                   : 拦截到请求GET:/inform/my_inform
2024-01-05 08:51:18.641  INFO 35968 --- [http-nio-8080-exec-7] c.f.config.LogInFilter                   : 拦截到请求GET:/task
2024-01-05 08:51:20.380  INFO 35968 --- [http-nio-8080-exec-1] c.f.config.LogInFilter                   : 拦截到请求GET:/personal_information
2024-01-05 08:51:20.507  INFO 35968 --- [http-nio-8080-exec-9] c.f.config.LogInFilter                   : 拦截到请求GET:/woods
2024-01-05 08:51:20.578  INFO 35968 --- [http-nio-8080-exec-6] c.f.config.LogInFilter                   : 拦截到请求GET:/download_img/head1686790797930
2024-01-05 08:51:20.579  INFO 35968 --- [http-nio-8080-exec-8] c.f.config.LogInFilter                   : 拦截到请求GET:/download_img/head1686791086084
2024-01-05 08:51:20.579  INFO 35968 --- [http-nio-8080-exec-5] c.f.config.LogInFilter                   : 拦截到请求GET:/download_img/head1686792182132
2024-01-05 08:51:20.579  INFO 35968 --- [http-nio-8080-exec-4] c.f.config.LogInFilter                   : 拦截到请求GET:/download_img/head1686791129871
2024-01-05 08:51:20.580  INFO 35968 --- [http-nio-8080-exec-3] c.f.config.LogInFilter                   : 拦截到请求GET:/download_img/head1686792250739
2024-01-05 08:51:20.581  INFO 35968 --- [http-nio-8080-exec-10] c.f.config.LogInFilter                   : 拦截到请求GET:/download_img/head1686792670254
2024-01-05 08:51:20.595  INFO 35968 --- [http-nio-8080-exec-2] c.f.config.LogInFilter                   : 拦截到请求GET:/download_img/head1686792809251
2024-01-05 08:51:20.595  INFO 35968 --- [http-nio-8080-exec-7] c.f.config.LogInFilter                   : 拦截到请求GET:/download_img/head1686792923783
2024-01-05 08:51:20.596  INFO 35968 --- [http-nio-8080-exec-1] c.f.config.LogInFilter                   : 拦截到请求GET:/download_img/head1686792971425
2024-01-05 08:51:20.601  INFO 35968 --- [http-nio-8080-exec-9] c.f.config.LogInFilter                   : 拦截到请求GET:/download_img/head1686792971429
2024-01-05 08:51:21.279  INFO 35968 --- [http-nio-8080-exec-6] c.f.config.LogInFilter                   : 拦截到请求GET:/woods
2024-01-05 08:51:21.283  INFO 35968 --- [http-nio-8080-exec-8] c.f.config.LogInFilter                   : 拦截到请求GET:/label
2024-01-05 08:51:21.289  INFO 35968 --- [http-nio-8080-exec-4] c.f.config.LogInFilter                   : 拦截到请求GET:/label_example
2024-01-05 08:51:21.359  INFO 35968 --- [http-nio-8080-exec-5] c.f.config.LogInFilter                   : 拦截到请求GET:/download_img/label1686791199396
2024-01-05 08:51:21.360  INFO 35968 --- [http-nio-8080-exec-3] c.f.config.LogInFilter                   : 拦截到请求GET:/download_img/label1686791294467
2024-01-05 08:51:21.362  INFO 35968 --- [http-nio-8080-exec-10] c.f.config.LogInFilter                   : 拦截到请求GET:/download_img/label1702969591499
2024-01-05 08:51:21.363  INFO 35968 --- [http-nio-8080-exec-2] c.f.config.LogInFilter                   : 拦截到请求GET:/download_img/label1686789791848
2024-01-05 08:51:21.365  INFO 35968 --- [http-nio-8080-exec-7] c.f.config.LogInFilter                   : 拦截到请求GET:/download_img/label1686791247940
2024-01-05 08:51:21.370  INFO 35968 --- [http-nio-8080-exec-1] c.f.config.LogInFilter                   : 拦截到请求GET:/download_img/label1686791269437
2024-01-05 08:51:24.934  INFO 35968 --- [http-nio-8080-exec-9] c.f.config.LogInFilter                   : 拦截到请求GET:/task
2024-01-05 08:51:25.920  INFO 35968 --- [http-nio-8080-exec-6] c.f.config.LogInFilter                   : 拦截到请求GET:/personal_information
2024-01-05 08:51:26.071  INFO 35968 --- [http-nio-8080-exec-8] c.f.config.LogInFilter                   : 拦截到请求GET:/woods
2024-01-05 08:51:26.144  INFO 35968 --- [http-nio-8080-exec-4] c.f.config.LogInFilter                   : 拦截到请求GET:/download_img/head1686790797930
2024-01-05 08:51:26.145  INFO 35968 --- [http-nio-8080-exec-3] c.f.config.LogInFilter                   : 拦截到请求GET:/download_img/head1686791086084
2024-01-05 08:51:26.146  INFO 35968 --- [http-nio-8080-exec-5] c.f.config.LogInFilter                   : 拦截到请求GET:/download_img/head1686791129871
2024-01-05 08:51:26.147  INFO 35968 --- [http-nio-8080-exec-10] c.f.config.LogInFilter                   : 拦截到请求GET:/download_img/head1686792182132
2024-01-05 08:51:26.147  INFO 35968 --- [http-nio-8080-exec-2] c.f.config.LogInFilter                   : 拦截到请求GET:/download_img/head1686792250739
2024-01-05 08:51:26.148  INFO 35968 --- [http-nio-8080-exec-7] c.f.config.LogInFilter                   : 拦截到请求GET:/download_img/head1686792670254
2024-01-05 08:51:26.163  INFO 35968 --- [http-nio-8080-exec-6] c.f.config.LogInFilter                   : 拦截到请求GET:/download_img/head1686792971425
2024-01-05 08:51:26.163  INFO 35968 --- [http-nio-8080-exec-9] c.f.config.LogInFilter                   : 拦截到请求GET:/download_img/head1686792923783
2024-01-05 08:51:26.163  INFO 35968 --- [http-nio-8080-exec-1] c.f.config.LogInFilter                   : 拦截到请求GET:/download_img/head1686792809251
2024-01-05 08:51:26.167  INFO 35968 --- [http-nio-8080-exec-8] c.f.config.LogInFilter                   : 拦截到请求GET:/download_img/head1686792971429
2024-01-05 08:51:26.780  INFO 35968 --- [http-nio-8080-exec-4] c.f.config.LogInFilter                   : 拦截到请求GET:/woods
2024-01-05 08:51:26.782  INFO 35968 --- [http-nio-8080-exec-3] c.f.config.LogInFilter                   : 拦截到请求GET:/label
2024-01-05 08:51:26.783  INFO 35968 --- [http-nio-8080-exec-5] c.f.config.LogInFilter                   : 拦截到请求GET:/label_example
2024-01-05 08:51:26.863  INFO 35968 --- [http-nio-8080-exec-2] c.f.config.LogInFilter                   : 拦截到请求GET:/download_img/label1686791199396
2024-01-05 08:51:26.864  INFO 35968 --- [http-nio-8080-exec-7] c.f.config.LogInFilter                   : 拦截到请求GET:/download_img/label1686791294467
2024-01-05 08:51:26.865  INFO 35968 --- [http-nio-8080-exec-10] c.f.config.LogInFilter                   : 拦截到请求GET:/download_img/label1702969591499
2024-01-05 08:51:26.866  INFO 35968 --- [http-nio-8080-exec-1] c.f.config.LogInFilter                   : 拦截到请求GET:/download_img/label1686789791848
2024-01-05 08:51:26.867  INFO 35968 --- [http-nio-8080-exec-6] c.f.config.LogInFilter                   : 拦截到请求GET:/download_img/label1686791247940
2024-01-05 08:51:26.867  INFO 35968 --- [http-nio-8080-exec-9] c.f.config.LogInFilter                   : 拦截到请求GET:/download_img/label1686791269437
2024-01-05 08:53:05.399  INFO 35968 --- [http-nio-8080-exec-10] c.f.config.LogInFilter                   : 拦截到请求GET:/verify_code
2024-01-05 08:53:05.399  INFO 35968 --- [http-nio-8080-exec-10] c.f.config.LogInFilter                   : verify放行
2024-01-05 08:53:05.507  INFO 35968 --- [http-nio-8080-exec-6] c.f.config.LogInFilter                   : 拦截到请求GET:/download_img/verify1704415985420
2024-01-05 08:53:05.508  INFO 35968 --- [http-nio-8080-exec-6] c.f.config.LogInFilter                   : verify放行
2024-01-05 08:53:05.903  INFO 35968 --- [http-nio-8080-exec-1] c.f.config.LogInFilter                   : 拦截到请求GET:/favicon.ico
2024-01-05 08:53:15.633  INFO 35968 --- [http-nio-8080-exec-9] c.f.config.LogInFilter                   : 拦截到请求GET:/account/login
2024-01-05 08:53:15.633  INFO 35968 --- [http-nio-8080-exec-9] c.f.config.LogInFilter                   : /login放行
2024-01-05 08:53:15.955  INFO 35968 --- [http-nio-8080-exec-5] c.f.config.LogInFilter                   : 拦截到请求GET:/html/map.html
2024-01-05 08:53:15.955  INFO 35968 --- [http-nio-8080-exec-5] c.f.config.LogInFilter                   : /html放行
2024-01-05 08:53:15.975  INFO 35968 --- [http-nio-8080-exec-8] c.f.config.LogInFilter                   : 拦截到请求GET:/download_img/head1686791086084
2024-01-05 08:53:15.980  INFO 35968 --- [http-nio-8080-exec-4] c.f.config.LogInFilter                   : 拦截到请求GET:/personal_information/one
2024-01-05 08:53:15.983  INFO 35968 --- [http-nio-8080-exec-2] c.f.config.LogInFilter                   : 拦截到请求GET:/woods/by_id
2024-01-05 08:53:16.319  INFO 35968 --- [http-nio-8080-exec-7] c.f.config.LogInFilter                   : 拦截到请求GET:/label
2024-01-05 08:53:16.319  INFO 35968 --- [http-nio-8080-exec-10] c.f.config.LogInFilter                   : 拦截到请求GET:/label_example
2024-01-05 08:53:16.320  INFO 35968 --- [http-nio-8080-exec-3] c.f.config.LogInFilter                   : 拦截到请求GET:/woods
2024-01-05 08:53:16.463  INFO 35968 --- [http-nio-8080-exec-6] c.f.config.LogInFilter                   : 拦截到请求GET:/download_img/label1686791199396
2024-01-05 08:53:16.464  INFO 35968 --- [http-nio-8080-exec-1] c.f.config.LogInFilter                   : 拦截到请求GET:/download_img/label1686791294467
2024-01-05 08:53:16.464  INFO 35968 --- [http-nio-8080-exec-9] c.f.config.LogInFilter                   : 拦截到请求GET:/download_img/label1702969591499
2024-01-05 08:53:16.469  INFO 35968 --- [http-nio-8080-exec-5] c.f.config.LogInFilter                   : 拦截到请求GET:/download_img/label1686789791848
2024-01-05 08:53:16.470  INFO 35968 --- [http-nio-8080-exec-8] c.f.config.LogInFilter                   : 拦截到请求GET:/download_img/label1686791247940
2024-01-05 08:53:16.470  INFO 35968 --- [http-nio-8080-exec-2] c.f.config.LogInFilter                   : 拦截到请求GET:/download_img/label1686791269437
2024-01-05 08:53:16.749  INFO 35968 --- [http-nio-8080-exec-4] c.f.config.LogInFilter                   : 拦截到请求GET:/favicon.ico
2024-01-05 08:53:19.095  INFO 35968 --- [http-nio-8080-exec-7] c.f.config.LogInFilter                   : 拦截到请求GET:/task
2024-01-05 08:53:19.171  INFO 35968 --- [http-nio-8080-exec-3] c.f.config.LogInFilter                   : 拦截到请求GET:/download_img/task1703492244560
2024-01-05 08:53:19.171  INFO 35968 --- [http-nio-8080-exec-10] c.f.config.LogInFilter                   : 拦截到请求GET:/download_img/task1703492262333
2024-01-05 08:53:20.752  INFO 35968 --- [http-nio-8080-exec-1] c.f.config.LogInFilter                   : 拦截到请求GET:/inform/my_inform
2024-01-05 08:53:23.222  INFO 35968 --- [http-nio-8080-exec-6] c.f.config.LogInFilter                   : 拦截到请求GET:/task
2024-01-05 08:53:23.467  INFO 35968 --- [http-nio-8080-exec-9] c.f.config.LogInFilter                   : 拦截到请求GET:/download_img/task1703492244560
2024-01-05 08:53:23.468  INFO 35968 --- [http-nio-8080-exec-5] c.f.config.LogInFilter                   : 拦截到请求GET:/download_img/task1703492262333
2024-01-05 08:53:24.099  INFO 35968 --- [http-nio-8080-exec-2] c.f.config.LogInFilter                   : 拦截到请求GET:/inform/my_inform
2024-01-05 08:53:25.082  INFO 35968 --- [http-nio-8080-exec-8] c.f.config.LogInFilter                   : 拦截到请求GET:/inform/my_send_inform
2024-01-05 08:53:26.290  INFO 35968 --- [http-nio-8080-exec-4] c.f.config.LogInFilter                   : 拦截到请求GET:/inform/my_inform
2024-01-05 08:53:28.278  INFO 35968 --- [http-nio-8080-exec-7] c.f.config.LogInFilter                   : 拦截到请求GET:/task
2024-01-05 08:53:28.328  INFO 35968 --- [http-nio-8080-exec-3] c.f.config.LogInFilter                   : 拦截到请求GET:/download_img/task1703492244560
2024-01-05 08:53:28.329  INFO 35968 --- [http-nio-8080-exec-10] c.f.config.LogInFilter                   : 拦截到请求GET:/download_img/task1703492262333
2024-01-05 08:53:32.514  INFO 35968 --- [http-nio-8080-exec-1] c.f.config.LogInFilter                   : 拦截到请求GET:/patrol/run
2024-01-05 08:53:32.522  INFO 35968 --- [http-nio-8080-exec-6] c.f.config.LogInFilter                   : 拦截到请求GET:/patrol/my_patrol
2024-01-05 08:53:32.599  INFO 35968 --- [http-nio-8080-exec-9] c.f.config.LogInFilter                   : 拦截到请求GET:/download_img/patrol1686798346521
2024-01-05 08:53:32.602  INFO 35968 --- [http-nio-8080-exec-5] c.f.config.LogInFilter                   : 拦截到请求GET:/download_img/patrol1686798387052
2024-01-05 08:53:32.604  INFO 35968 --- [http-nio-8080-exec-2] c.f.config.LogInFilter                   : 拦截到请求GET:/download_img/patrol1686798431638
2024-01-05 08:53:32.889  INFO 35968 --- [http-nio-8080-exec-8] c.f.config.LogInFilter                   : 拦截到请求GET:/patrol/run
2024-01-05 08:53:32.894  INFO 35968 --- [http-nio-8080-exec-4] c.f.config.LogInFilter                   : 拦截到请求GET:/patrol/my_patrol
2024-01-05 08:53:36.640  INFO 35968 --- [http-nio-8080-exec-7] c.f.config.LogInFilter                   : 拦截到请求GET:/download_img/task1703492244560
2024-01-05 08:53:36.641  INFO 35968 --- [http-nio-8080-exec-3] c.f.config.LogInFilter                   : 拦截到请求GET:/download_img/task1703492262333
2024-01-05 08:53:36.644  INFO 35968 --- [http-nio-8080-exec-10] c.f.config.LogInFilter                   : 拦截到请求GET:/task
2024-01-05 08:53:40.331  INFO 35968 --- [http-nio-8080-exec-1] c.f.config.LogInFilter                   : 拦截到请求GET:/task
2024-01-05 08:53:42.605  INFO 35968 --- [http-nio-8080-exec-6] c.f.config.LogInFilter                   : 拦截到请求GET:/task
2024-01-05 09:20:52.083  INFO 35968 --- [http-nio-8080-exec-3] c.f.config.LogInFilter                   : 拦截到请求GET:/account/login_out
2024-01-05 09:20:52.084  INFO 35968 --- [http-nio-8080-exec-3] c.f.config.LogInFilter                   : /login放行
2024-01-05 09:20:52.333  INFO 35968 --- [http-nio-8080-exec-10] c.f.config.LogInFilter                   : 拦截到请求GET:/verify_code
2024-01-05 09:20:52.333  INFO 35968 --- [http-nio-8080-exec-10] c.f.config.LogInFilter                   : verify放行
2024-01-05 09:20:52.588  INFO 35968 --- [http-nio-8080-exec-1] c.f.config.LogInFilter                   : 拦截到请求GET:/download_img/verify1704417652357
2024-01-05 09:20:52.589  INFO 35968 --- [http-nio-8080-exec-1] c.f.config.LogInFilter                   : verify放行
2024-01-05 09:21:08.050  INFO 35968 --- [http-nio-8080-exec-6] c.f.config.LogInFilter                   : 拦截到请求GET:/account/login
2024-01-05 09:21:08.051  INFO 35968 --- [http-nio-8080-exec-6] c.f.config.LogInFilter                   : /login放行
2024-01-05 09:21:08.350  INFO 35968 --- [http-nio-8080-exec-2] c.f.config.LogInFilter                   : 拦截到请求GET:/personal_information/one
2024-01-05 09:21:08.350  INFO 35968 --- [http-nio-8080-exec-9] c.f.config.LogInFilter                   : 拦截到请求GET:/download_img/head1686792971430
2024-01-05 09:21:08.355  INFO 35968 --- [http-nio-8080-exec-9] c.f.config.LogInFilter                   : 拦截到请求GET:/woods/by_id
2024-01-05 09:21:08.656  INFO 35968 --- [http-nio-8080-exec-8] c.f.config.LogInFilter                   : 拦截到请求GET:/woods
2024-01-05 09:21:08.656  INFO 35968 --- [http-nio-8080-exec-4] c.f.config.LogInFilter                   : 拦截到请求GET:/label
2024-01-05 09:21:08.656  INFO 35968 --- [http-nio-8080-exec-7] c.f.config.LogInFilter                   : 拦截到请求GET:/label_example
2024-01-05 09:21:08.808  INFO 35968 --- [http-nio-8080-exec-3] c.f.config.LogInFilter                   : 拦截到请求GET:/download_img/label1686791199396
2024-01-05 09:21:08.808  INFO 35968 --- [http-nio-8080-exec-10] c.f.config.LogInFilter                   : 拦截到请求GET:/download_img/label1686791294467
2024-01-05 09:21:08.810  INFO 35968 --- [http-nio-8080-exec-1] c.f.config.LogInFilter                   : 拦截到请求GET:/download_img/label1702969591499
2024-01-05 09:21:08.817  INFO 35968 --- [http-nio-8080-exec-6] c.f.config.LogInFilter                   : 拦截到请求GET:/download_img/label1686789791848
2024-01-05 09:21:08.818  INFO 35968 --- [http-nio-8080-exec-5] c.f.config.LogInFilter                   : 拦截到请求GET:/download_img/label1686791247940
2024-01-05 09:21:08.818  INFO 35968 --- [http-nio-8080-exec-2] c.f.config.LogInFilter                   : 拦截到请求GET:/download_img/label1686791269437
2024-01-05 09:21:11.619  INFO 35968 --- [http-nio-8080-exec-9] c.f.config.LogInFilter                   : 拦截到请求GET:/personal_information
2024-01-05 09:21:11.673  INFO 35968 --- [http-nio-8080-exec-4] c.f.config.LogInFilter                   : 拦截到请求GET:/woods
2024-01-05 09:21:11.806  INFO 35968 --- [http-nio-8080-exec-7] c.f.config.LogInFilter                   : 拦截到请求GET:/download_img/head1686792971430
2024-01-05 09:21:11.883  INFO 35968 --- [http-nio-8080-exec-8] c.f.config.LogInFilter                   : 拦截到请求GET:/download_img/head1686792250739
2024-01-05 09:21:20.556  INFO 35968 --- [http-nio-8080-exec-10] c.f.config.LogInFilter                   : 拦截到请求GET:/account/login_out
2024-01-05 09:21:20.556  INFO 35968 --- [http-nio-8080-exec-10] c.f.config.LogInFilter                   : /login放行
2024-01-05 09:21:20.905  INFO 35968 --- [http-nio-8080-exec-3] c.f.config.LogInFilter                   : 拦截到请求GET:/verify_code
2024-01-05 09:21:20.905  INFO 35968 --- [http-nio-8080-exec-3] c.f.config.LogInFilter                   : verify放行
2024-01-05 09:21:21.024  INFO 35968 --- [http-nio-8080-exec-1] c.f.config.LogInFilter                   : 拦截到请求GET:/download_img/verify1704417680908
2024-01-05 09:21:21.024  INFO 35968 --- [http-nio-8080-exec-1] c.f.config.LogInFilter                   : verify放行
2024-01-05 09:21:28.226  INFO 35968 --- [http-nio-8080-exec-6] c.f.config.LogInFilter                   : 拦截到请求GET:/account/login
2024-01-05 09:21:28.226  INFO 35968 --- [http-nio-8080-exec-6] c.f.config.LogInFilter                   : /login放行
2024-01-05 09:21:28.479  INFO 35968 --- [http-nio-8080-exec-2] c.f.config.LogInFilter                   : 拦截到请求GET:/download_img/head1686792971429
2024-01-05 09:21:28.488  INFO 35968 --- [http-nio-8080-exec-9] c.f.config.LogInFilter                   : 拦截到请求GET:/woods/by_id
2024-01-05 09:21:28.488  INFO 35968 --- [http-nio-8080-exec-5] c.f.config.LogInFilter                   : 拦截到请求GET:/personal_information/one
2024-01-05 09:21:28.884  INFO 35968 --- [http-nio-8080-exec-4] c.f.config.LogInFilter                   : 拦截到请求GET:/woods
2024-01-05 09:21:28.886  INFO 35968 --- [http-nio-8080-exec-7] c.f.config.LogInFilter                   : 拦截到请求GET:/label
2024-01-05 09:21:28.887  INFO 35968 --- [http-nio-8080-exec-8] c.f.config.LogInFilter                   : 拦截到请求GET:/label_example
2024-01-05 09:21:29.054  INFO 35968 --- [http-nio-8080-exec-10] c.f.config.LogInFilter                   : 拦截到请求GET:/download_img/label1686791199396
2024-01-05 09:21:29.054  INFO 35968 --- [http-nio-8080-exec-3] c.f.config.LogInFilter                   : 拦截到请求GET:/download_img/label1686791294467
2024-01-05 09:21:29.054  INFO 35968 --- [http-nio-8080-exec-1] c.f.config.LogInFilter                   : 拦截到请求GET:/download_img/label1702969591499
2024-01-05 09:21:29.056  INFO 35968 --- [http-nio-8080-exec-6] c.f.config.LogInFilter                   : 拦截到请求GET:/download_img/label1686789791848
2024-01-05 09:21:29.057  INFO 35968 --- [http-nio-8080-exec-2] c.f.config.LogInFilter                   : 拦截到请求GET:/download_img/label1686791247940
2024-01-05 09:21:29.071  INFO 35968 --- [http-nio-8080-exec-5] c.f.config.LogInFilter                   : 拦截到请求GET:/download_img/label1686791269437
2024-01-05 09:21:29.841  INFO 35968 --- [http-nio-8080-exec-9] c.f.config.LogInFilter                   : 拦截到请求GET:/personal_information
2024-01-05 09:21:29.885  INFO 35968 --- [http-nio-8080-exec-7] c.f.config.LogInFilter                   : 拦截到请求GET:/woods
2024-01-05 09:21:29.977  INFO 35968 --- [http-nio-8080-exec-4] c.f.config.LogInFilter                   : 拦截到请求GET:/download_img/head1686792971429
2024-01-05 09:21:29.995  INFO 35968 --- [http-nio-8080-exec-8] c.f.config.LogInFilter                   : 拦截到请求GET:/download_img/head1686792182132
2024-01-05 09:21:29.995  INFO 35968 --- [http-nio-8080-exec-10] c.f.config.LogInFilter                   : 拦截到请求GET:/download_img/head1686792971430
2024-01-05 09:21:34.179  INFO 35968 --- [http-nio-8080-exec-3] c.f.config.LogInFilter                   : 拦截到请求GET:/account/login_out
2024-01-05 09:21:34.179  INFO 35968 --- [http-nio-8080-exec-3] c.f.config.LogInFilter                   : /login放行
2024-01-05 09:21:34.447  INFO 35968 --- [http-nio-8080-exec-1] c.f.config.LogInFilter                   : 拦截到请求GET:/verify_code
2024-01-05 09:21:34.447  INFO 35968 --- [http-nio-8080-exec-1] c.f.config.LogInFilter                   : verify放行
2024-01-05 09:21:34.531  INFO 35968 --- [http-nio-8080-exec-6] c.f.config.LogInFilter                   : 拦截到请求GET:/download_img/verify1704417694459
2024-01-05 09:21:34.531  INFO 35968 --- [http-nio-8080-exec-6] c.f.config.LogInFilter                   : verify放行
2024-01-05 09:21:55.075  INFO 35968 --- [http-nio-8080-exec-2] c.f.config.LogInFilter                   : 拦截到请求GET:/account/login
2024-01-05 09:21:55.076  INFO 35968 --- [http-nio-8080-exec-2] c.f.config.LogInFilter                   : /login放行
2024-01-05 09:21:55.548  INFO 35968 --- [http-nio-8080-exec-5] c.f.config.LogInFilter                   : 拦截到请求GET:/download_img/head1686792971429
2024-01-05 09:21:55.551  INFO 35968 --- [http-nio-8080-exec-9] c.f.config.LogInFilter                   : 拦截到请求GET:/personal_information/one
2024-01-05 09:21:55.555  INFO 35968 --- [http-nio-8080-exec-7] c.f.config.LogInFilter                   : 拦截到请求GET:/woods/by_id
2024-01-05 09:21:55.725  INFO 35968 --- [http-nio-8080-exec-4] c.f.config.LogInFilter                   : 拦截到请求GET:/woods
2024-01-05 09:21:55.727  INFO 35968 --- [http-nio-8080-exec-10] c.f.config.LogInFilter                   : 拦截到请求GET:/label
2024-01-05 09:21:55.730  INFO 35968 --- [http-nio-8080-exec-8] c.f.config.LogInFilter                   : 拦截到请求GET:/label_example
2024-01-05 09:21:55.866  INFO 35968 --- [http-nio-8080-exec-3] c.f.config.LogInFilter                   : 拦截到请求GET:/download_img/label1686791199396
2024-01-05 09:21:55.871  INFO 35968 --- [http-nio-8080-exec-1] c.f.config.LogInFilter                   : 拦截到请求GET:/download_img/label1686791294467
2024-01-05 09:21:55.872  INFO 35968 --- [http-nio-8080-exec-6] c.f.config.LogInFilter                   : 拦截到请求GET:/download_img/label1702969591499
2024-01-05 09:21:55.874  INFO 35968 --- [http-nio-8080-exec-2] c.f.config.LogInFilter                   : 拦截到请求GET:/download_img/label1686789791848
2024-01-05 09:21:55.874  INFO 35968 --- [http-nio-8080-exec-5] c.f.config.LogInFilter                   : 拦截到请求GET:/download_img/label1686791247940
2024-01-05 09:21:55.877  INFO 35968 --- [http-nio-8080-exec-9] c.f.config.LogInFilter                   : 拦截到请求GET:/download_img/label1686791269437
2024-01-05 09:21:57.319  INFO 35968 --- [http-nio-8080-exec-7] c.f.config.LogInFilter                   : 拦截到请求GET:/personal_information
2024-01-05 09:21:57.358  INFO 35968 --- [http-nio-8080-exec-4] c.f.config.LogInFilter                   : 拦截到请求GET:/woods
2024-01-05 09:21:57.435  INFO 35968 --- [http-nio-8080-exec-8] c.f.config.LogInFilter                   : 拦截到请求GET:/download_img/head1686792971429
2024-01-05 09:21:57.449  INFO 35968 --- [http-nio-8080-exec-10] c.f.config.LogInFilter                   : 拦截到请求GET:/download_img/head1686792182132
2024-01-05 09:21:57.449  INFO 35968 --- [http-nio-8080-exec-3] c.f.config.LogInFilter                   : 拦截到请求GET:/download_img/head1686792971430
2024-01-05 09:22:03.846  INFO 35968 --- [http-nio-8080-exec-1] c.f.config.LogInFilter                   : 拦截到请求GET:/account/login_out
2024-01-05 09:22:03.846  INFO 35968 --- [http-nio-8080-exec-1] c.f.config.LogInFilter                   : /login放行
2024-01-05 09:22:04.030  INFO 35968 --- [http-nio-8080-exec-6] c.f.config.LogInFilter                   : 拦截到请求GET:/verify_code
2024-01-05 09:22:04.030  INFO 35968 --- [http-nio-8080-exec-6] c.f.config.LogInFilter                   : verify放行
2024-01-05 09:22:04.346  INFO 35968 --- [http-nio-8080-exec-5] c.f.config.LogInFilter                   : 拦截到请求GET:/download_img/verify1704417724039
2024-01-05 09:22:04.346  INFO 35968 --- [http-nio-8080-exec-5] c.f.config.LogInFilter                   : verify放行
2024-01-05 09:22:13.871  INFO 35968 --- [http-nio-8080-exec-2] c.f.config.LogInFilter                   : 拦截到请求GET:/account/login
2024-01-05 09:22:13.871  INFO 35968 --- [http-nio-8080-exec-2] c.f.config.LogInFilter                   : /login放行
2024-01-05 09:22:14.075  INFO 35968 --- [http-nio-8080-exec-9] c.f.config.LogInFilter                   : 拦截到请求GET:/download_img/head1686791086084
2024-01-05 09:22:14.077  INFO 35968 --- [http-nio-8080-exec-7] c.f.config.LogInFilter                   : 拦截到请求GET:/personal_information/one
2024-01-05 09:22:14.077  INFO 35968 --- [http-nio-8080-exec-4] c.f.config.LogInFilter                   : 拦截到请求GET:/woods/by_id
2024-01-05 09:22:14.307  INFO 35968 --- [http-nio-8080-exec-3] c.f.config.LogInFilter                   : 拦截到请求GET:/label
2024-01-05 09:22:14.307  INFO 35968 --- [http-nio-8080-exec-8] c.f.config.LogInFilter                   : 拦截到请求GET:/woods
2024-01-05 09:22:14.311  INFO 35968 --- [http-nio-8080-exec-10] c.f.config.LogInFilter                   : 拦截到请求GET:/label_example
2024-01-05 09:22:14.454  INFO 35968 --- [http-nio-8080-exec-1] c.f.config.LogInFilter                   : 拦截到请求GET:/download_img/label1686791199396
2024-01-05 09:22:14.455  INFO 35968 --- [http-nio-8080-exec-6] c.f.config.LogInFilter                   : 拦截到请求GET:/download_img/label1686791294467
2024-01-05 09:22:14.455  INFO 35968 --- [http-nio-8080-exec-5] c.f.config.LogInFilter                   : 拦截到请求GET:/download_img/label1702969591499
2024-01-05 09:22:14.456  INFO 35968 --- [http-nio-8080-exec-2] c.f.config.LogInFilter                   : 拦截到请求GET:/download_img/label1686789791848
2024-01-05 09:22:14.456  INFO 35968 --- [http-nio-8080-exec-7] c.f.config.LogInFilter                   : 拦截到请求GET:/download_img/label1686791247940
2024-01-05 09:22:14.457  INFO 35968 --- [http-nio-8080-exec-9] c.f.config.LogInFilter                   : 拦截到请求GET:/download_img/label1686791269437
2024-01-05 09:23:42.230  INFO 35968 --- [http-nio-8080-exec-7] c.f.config.LogInFilter                   : 拦截到请求GET:/account/login_out
2024-01-05 09:23:42.230  INFO 35968 --- [http-nio-8080-exec-7] c.f.config.LogInFilter                   : /login放行
2024-01-05 09:23:42.426  INFO 35968 --- [http-nio-8080-exec-2] c.f.config.LogInFilter                   : 拦截到请求GET:/verify_code
2024-01-05 09:23:42.426  INFO 35968 --- [http-nio-8080-exec-2] c.f.config.LogInFilter                   : verify放行
2024-01-05 09:23:42.518  INFO 35968 --- [http-nio-8080-exec-5] c.f.config.LogInFilter                   : 拦截到请求GET:/download_img/verify1704417822429
2024-01-05 09:23:42.518  INFO 35968 --- [http-nio-8080-exec-5] c.f.config.LogInFilter                   : verify放行
2024-01-05 09:23:52.194  INFO 35968 --- [http-nio-8080-exec-9] c.f.config.LogInFilter                   : 拦截到请求GET:/account/login
2024-01-05 09:23:52.194  INFO 35968 --- [http-nio-8080-exec-9] c.f.config.LogInFilter                   : /login放行
2024-01-05 09:23:52.447  INFO 35968 --- [http-nio-8080-exec-3] c.f.config.LogInFilter                   : 拦截到请求GET:/download_img/head1686792971430
2024-01-05 09:23:52.453  INFO 35968 --- [http-nio-8080-exec-6] c.f.config.LogInFilter                   : 拦截到请求GET:/personal_information/one
2024-01-05 09:23:52.453  INFO 35968 --- [http-nio-8080-exec-1] c.f.config.LogInFilter                   : 拦截到请求GET:/woods/by_id
2024-01-05 09:23:52.659  INFO 35968 --- [http-nio-8080-exec-4] c.f.config.LogInFilter                   : 拦截到请求GET:/woods
2024-01-05 09:23:52.667  INFO 35968 --- [http-nio-8080-exec-8] c.f.config.LogInFilter                   : 拦截到请求GET:/label
2024-01-05 09:23:52.668  INFO 35968 --- [http-nio-8080-exec-10] c.f.config.LogInFilter                   : 拦截到请求GET:/label_example
2024-01-05 09:23:52.798  INFO 35968 --- [http-nio-8080-exec-7] c.f.config.LogInFilter                   : 拦截到请求GET:/download_img/label1686791199396
2024-01-05 09:23:52.798  INFO 35968 --- [http-nio-8080-exec-2] c.f.config.LogInFilter                   : 拦截到请求GET:/download_img/label1686791294467
2024-01-05 09:23:52.800  INFO 35968 --- [http-nio-8080-exec-5] c.f.config.LogInFilter                   : 拦截到请求GET:/download_img/label1702969591499
2024-01-05 09:23:52.803  INFO 35968 --- [http-nio-8080-exec-9] c.f.config.LogInFilter                   : 拦截到请求GET:/download_img/label1686789791848
2024-01-05 09:23:52.803  INFO 35968 --- [http-nio-8080-exec-3] c.f.config.LogInFilter                   : 拦截到请求GET:/download_img/label1686791247940
2024-01-05 09:23:52.809  INFO 35968 --- [http-nio-8080-exec-9] c.f.config.LogInFilter                   : 拦截到请求GET:/download_img/label1686791269437
2024-01-05 09:23:53.549  INFO 35968 --- [http-nio-8080-exec-6] c.f.config.LogInFilter                   : 拦截到请求GET:/inform/my_inform
2024-01-05 09:23:55.327  INFO 35968 --- [http-nio-8080-exec-4] c.f.config.LogInFilter                   : 拦截到请求GET:/task
2024-01-05 09:23:56.598  INFO 35968 --- [http-nio-8080-exec-8] c.f.config.LogInFilter                   : 拦截到请求GET:/account/login_out
2024-01-05 09:23:56.598  INFO 35968 --- [http-nio-8080-exec-8] c.f.config.LogInFilter                   : /login放行
2024-01-05 09:23:56.768  INFO 35968 --- [http-nio-8080-exec-10] c.f.config.LogInFilter                   : 拦截到请求GET:/verify_code
2024-01-05 09:23:56.769  INFO 35968 --- [http-nio-8080-exec-10] c.f.config.LogInFilter                   : verify放行
2024-01-05 09:23:56.881  INFO 35968 --- [http-nio-8080-exec-7] c.f.config.LogInFilter                   : 拦截到请求GET:/download_img/verify1704417836776
2024-01-05 09:23:56.881  INFO 35968 --- [http-nio-8080-exec-7] c.f.config.LogInFilter                   : verify放行
2024-01-05 09:35:28.408  INFO 35968 --- [http-nio-8080-exec-4] c.f.config.LogInFilter                   : 拦截到请求GET:/personal_information
2024-01-05 09:35:28.757  INFO 35968 --- [http-nio-8080-exec-8] c.f.config.LogInFilter                   : 拦截到请求GET:/verify_code
2024-01-05 09:35:28.758  INFO 35968 --- [http-nio-8080-exec-8] c.f.config.LogInFilter                   : verify放行
2024-01-05 09:35:28.843  INFO 35968 --- [http-nio-8080-exec-10] c.f.config.LogInFilter                   : 拦截到请求GET:/download_img/verify1704418528764
2024-01-05 09:35:28.843  INFO 35968 --- [http-nio-8080-exec-10] c.f.config.LogInFilter                   : verify放行
2024-01-05 09:35:30.354  INFO 35968 --- [http-nio-8080-exec-7] c.f.config.LogInFilter                   : 拦截到请求GET:/account/login
2024-01-05 09:35:30.354  INFO 35968 --- [http-nio-8080-exec-7] c.f.config.LogInFilter                   : /login放行
2024-01-05 09:35:30.711  INFO 35968 --- [http-nio-8080-exec-2] c.f.config.LogInFilter                   : 拦截到请求GET:/download_img/head1
2024-01-05 09:35:30.712  INFO 35968 --- [http-nio-8080-exec-9] c.f.config.LogInFilter                   : 拦截到请求GET:/personal_information/one
2024-01-05 09:35:30.721  INFO 35968 --- [http-nio-8080-exec-5] c.f.config.LogInFilter                   : 拦截到请求GET:/woods/by_id
2024-01-05 09:35:31.009  INFO 35968 --- [http-nio-8080-exec-1] c.f.config.LogInFilter                   : 拦截到请求GET:/woods
2024-01-05 09:35:31.043  INFO 35968 --- [http-nio-8080-exec-3] c.f.config.LogInFilter                   : 拦截到请求GET:/label
2024-01-05 09:35:31.072  INFO 35968 --- [http-nio-8080-exec-6] c.f.config.LogInFilter                   : 拦截到请求GET:/label_example
2024-01-05 09:35:31.270  INFO 35968 --- [http-nio-8080-exec-4] c.f.config.LogInFilter                   : 拦截到请求GET:/download_img/label1686791199396
2024-01-05 09:35:31.283  INFO 35968 --- [http-nio-8080-exec-8] c.f.config.LogInFilter                   : 拦截到请求GET:/download_img/label1686791294467
2024-01-05 09:35:31.284  INFO 35968 --- [http-nio-8080-exec-10] c.f.config.LogInFilter                   : 拦截到请求GET:/download_img/label1702969591499
2024-01-05 09:35:31.285  INFO 35968 --- [http-nio-8080-exec-7] c.f.config.LogInFilter                   : 拦截到请求GET:/download_img/label1686789791848
2024-01-05 09:35:31.288  INFO 35968 --- [http-nio-8080-exec-2] c.f.config.LogInFilter                   : 拦截到请求GET:/download_img/label1686791247940
2024-01-05 09:35:31.293  INFO 35968 --- [http-nio-8080-exec-9] c.f.config.LogInFilter                   : 拦截到请求GET:/download_img/label1686791269437
2024-01-05 09:35:45.627  INFO 35968 --- [http-nio-8080-exec-5] c.f.config.LogInFilter                   : 拦截到请求GET:/account/login
2024-01-05 09:35:45.627  INFO 35968 --- [http-nio-8080-exec-5] c.f.config.LogInFilter                   : /login放行
2024-01-05 09:35:45.872  INFO 35968 --- [http-nio-8080-exec-1] c.f.config.LogInFilter                   : 拦截到请求GET:/download_img/head1686791086084
2024-01-05 09:35:45.874  INFO 35968 --- [http-nio-8080-exec-3] c.f.config.LogInFilter                   : 拦截到请求GET:/personal_information/one
2024-01-05 09:35:45.876  INFO 35968 --- [http-nio-8080-exec-6] c.f.config.LogInFilter                   : 拦截到请求GET:/woods/by_id
2024-01-05 09:35:46.193  INFO 35968 --- [http-nio-8080-exec-4] c.f.config.LogInFilter                   : 拦截到请求GET:/woods
2024-01-05 09:35:46.208  INFO 35968 --- [http-nio-8080-exec-8] c.f.config.LogInFilter                   : 拦截到请求GET:/label
2024-01-05 09:35:46.209  INFO 35968 --- [http-nio-8080-exec-10] c.f.config.LogInFilter                   : 拦截到请求GET:/label_example
2024-01-05 09:35:46.395  INFO 35968 --- [http-nio-8080-exec-7] c.f.config.LogInFilter                   : 拦截到请求GET:/download_img/label1686791199396
2024-01-05 09:35:46.399  INFO 35968 --- [http-nio-8080-exec-2] c.f.config.LogInFilter                   : 拦截到请求GET:/download_img/label1686791294467
2024-01-05 09:35:46.402  INFO 35968 --- [http-nio-8080-exec-9] c.f.config.LogInFilter                   : 拦截到请求GET:/download_img/label1702969591499
2024-01-05 09:35:46.410  INFO 35968 --- [http-nio-8080-exec-5] c.f.config.LogInFilter                   : 拦截到请求GET:/download_img/label1686789791848
2024-01-05 09:35:46.410  INFO 35968 --- [http-nio-8080-exec-1] c.f.config.LogInFilter                   : 拦截到请求GET:/download_img/label1686791247940
2024-01-05 09:35:46.418  INFO 35968 --- [http-nio-8080-exec-3] c.f.config.LogInFilter                   : 拦截到请求GET:/download_img/label1686791269437
2024-01-05 09:35:51.037  INFO 35968 --- [http-nio-8080-exec-6] c.f.config.LogInFilter                   : 拦截到请求GET:/task
2024-01-05 09:35:51.099  INFO 35968 --- [http-nio-8080-exec-4] c.f.config.LogInFilter                   : 拦截到请求GET:/download_img/task1703492244560
2024-01-05 09:35:51.099  INFO 35968 --- [http-nio-8080-exec-8] c.f.config.LogInFilter                   : 拦截到请求GET:/download_img/task1703492262333
2024-01-05 09:35:52.627  INFO 35968 --- [http-nio-8080-exec-10] c.f.config.LogInFilter                   : 拦截到请求GET:/inform/my_inform
2024-01-05 09:35:53.691  INFO 35968 --- [http-nio-8080-exec-7] c.f.config.LogInFilter                   : 拦截到请求GET:/task
2024-01-05 09:35:53.738  INFO 35968 --- [http-nio-8080-exec-2] c.f.config.LogInFilter                   : 拦截到请求GET:/download_img/task1703492244560
2024-01-05 09:35:53.738  INFO 35968 --- [http-nio-8080-exec-9] c.f.config.LogInFilter                   : 拦截到请求GET:/download_img/task1703492262333
2024-01-05 09:38:19.389  INFO 35968 --- [http-nio-8080-exec-8] c.f.config.LogInFilter                   : 拦截到请求GET:/account/login_out
2024-01-05 09:38:19.389  INFO 35968 --- [http-nio-8080-exec-8] c.f.config.LogInFilter                   : /login放行
2024-01-05 09:38:19.663  INFO 35968 --- [http-nio-8080-exec-3] c.f.config.LogInFilter                   : 拦截到请求GET:/verify_code
2024-01-05 09:38:19.663  INFO 35968 --- [http-nio-8080-exec-3] c.f.config.LogInFilter                   : verify放行
2024-01-05 09:38:19.865  INFO 35968 --- [http-nio-8080-exec-6] c.f.config.LogInFilter                   : 拦截到请求GET:/download_img/verify1704418699665
2024-01-05 09:38:19.865  INFO 35968 --- [http-nio-8080-exec-6] c.f.config.LogInFilter                   : verify放行
2024-01-05 09:38:23.416  INFO 35968 --- [http-nio-8080-exec-4] c.f.config.LogInFilter                   : 拦截到请求GET:/verify_code
2024-01-05 09:38:23.417  INFO 35968 --- [http-nio-8080-exec-4] c.f.config.LogInFilter                   : verify放行
2024-01-05 09:38:23.471  INFO 35968 --- [http-nio-8080-exec-9] c.f.config.LogInFilter                   : 拦截到请求GET:/download_img/verify1704418703420
2024-01-05 09:38:23.471  INFO 35968 --- [http-nio-8080-exec-9] c.f.config.LogInFilter                   : verify放行
2024-01-05 09:38:26.584  INFO 35968 --- [http-nio-8080-exec-10] c.f.config.LogInFilter                   : 拦截到请求GET:/verify_code
2024-01-05 09:38:26.585  INFO 35968 --- [http-nio-8080-exec-10] c.f.config.LogInFilter                   : verify放行
2024-01-05 09:38:26.627  INFO 35968 --- [http-nio-8080-exec-7] c.f.config.LogInFilter                   : 拦截到请求GET:/download_img/verify1704418706589
2024-01-05 09:38:26.628  INFO 35968 --- [http-nio-8080-exec-7] c.f.config.LogInFilter                   : verify放行
2024-01-05 09:45:17.710  INFO 35968 --- [http-nio-8080-exec-5] c.f.config.LogInFilter                   : 拦截到请求GET:/woods
2024-01-05 09:45:17.710  INFO 35968 --- [http-nio-8080-exec-3] c.f.config.LogInFilter                   : 拦截到请求GET:/label_example
2024-01-05 09:45:17.710  INFO 35968 --- [http-nio-8080-exec-8] c.f.config.LogInFilter                   : 拦截到请求GET:/label
2024-01-05 09:45:17.795  INFO 35968 --- [http-nio-8080-exec-6] c.f.config.LogInFilter                   : 拦截到请求GET:/download_img/label1686791199396
2024-01-05 09:45:17.795  INFO 35968 --- [http-nio-8080-exec-4] c.f.config.LogInFilter                   : 拦截到请求GET:/download_img/label1686791294467
2024-01-05 09:45:17.796  INFO 35968 --- [http-nio-8080-exec-9] c.f.config.LogInFilter                   : 拦截到请求GET:/download_img/label1702969591499
2024-01-05 09:45:17.800  INFO 35968 --- [http-nio-8080-exec-7] c.f.config.LogInFilter                   : 拦截到请求GET:/download_img/label1686789791848
2024-01-05 09:45:17.801  INFO 35968 --- [http-nio-8080-exec-2] c.f.config.LogInFilter                   : 拦截到请求GET:/download_img/label1686791269437
2024-01-05 09:45:17.800  INFO 35968 --- [http-nio-8080-exec-10] c.f.config.LogInFilter                   : 拦截到请求GET:/download_img/label1686791247940
2024-01-05 09:47:27.009  INFO 35968 --- [http-nio-8080-exec-7] c.f.config.LogInFilter                   : 拦截到请求GET:/account/login
2024-01-05 09:47:27.011  INFO 35968 --- [http-nio-8080-exec-7] c.f.config.LogInFilter                   : /login放行
2024-01-05 09:47:27.579  INFO 35968 --- [http-nio-8080-exec-2] c.f.config.LogInFilter                   : 拦截到请求GET:/download_img/head1
2024-01-05 09:47:27.590  INFO 35968 --- [http-nio-8080-exec-4] c.f.config.LogInFilter                   : 拦截到请求GET:/personal_information/one
2024-01-05 09:47:27.593  INFO 35968 --- [http-nio-8080-exec-10] c.f.config.LogInFilter                   : 拦截到请求GET:/woods/by_id
2024-01-05 09:47:28.121  INFO 35968 --- [http-nio-8080-exec-6] c.f.config.LogInFilter                   : 拦截到请求GET:/woods
2024-01-05 09:47:28.122  INFO 35968 --- [http-nio-8080-exec-9] c.f.config.LogInFilter                   : 拦截到请求GET:/label
2024-01-05 09:47:28.125  INFO 35968 --- [http-nio-8080-exec-3] c.f.config.LogInFilter                   : 拦截到请求GET:/label_example
2024-01-05 09:47:28.583  INFO 35968 --- [http-nio-8080-exec-5] c.f.config.LogInFilter                   : 拦截到请求GET:/download_img/label1686791199396
2024-01-05 09:47:28.586  INFO 35968 --- [http-nio-8080-exec-1] c.f.config.LogInFilter                   : 拦截到请求GET:/download_img/label1686791294467
2024-01-05 09:47:28.586  INFO 35968 --- [http-nio-8080-exec-8] c.f.config.LogInFilter                   : 拦截到请求GET:/download_img/label1702969591499
2024-01-05 09:47:28.591  INFO 35968 --- [http-nio-8080-exec-7] c.f.config.LogInFilter                   : 拦截到请求GET:/download_img/label1686789791848
2024-01-05 09:47:28.592  INFO 35968 --- [http-nio-8080-exec-1] c.f.config.LogInFilter                   : 拦截到请求GET:/download_img/label1686791247940
2024-01-05 09:47:28.593  INFO 35968 --- [http-nio-8080-exec-2] c.f.config.LogInFilter                   : 拦截到请求GET:/download_img/label1686791269437
2024-01-05 09:47:29.022  INFO 35968 --- [http-nio-8080-exec-10] c.f.config.LogInFilter                   : 拦截到请求GET:/task
2024-01-05 09:47:29.693  INFO 35968 --- [http-nio-8080-exec-9] c.f.config.LogInFilter                   : 拦截到请求GET:/inform/my_inform
2024-01-05 09:47:30.699  INFO 35968 --- [http-nio-8080-exec-6] c.f.config.LogInFilter                   : 拦截到请求GET:/label/page
2024-01-05 09:47:30.779  INFO 35968 --- [http-nio-8080-exec-3] c.f.config.LogInFilter                   : 拦截到请求GET:/download_img/label1686789791848
2024-01-05 09:47:30.792  INFO 35968 --- [http-nio-8080-exec-5] c.f.config.LogInFilter                   : 拦截到请求GET:/download_img/label1686791199396
2024-01-05 09:47:30.792  INFO 35968 --- [http-nio-8080-exec-8] c.f.config.LogInFilter                   : 拦截到请求GET:/download_img/label1686791247940
2024-01-05 09:47:30.792  INFO 35968 --- [http-nio-8080-exec-7] c.f.config.LogInFilter                   : 拦截到请求GET:/download_img/label1686791294467
2024-01-05 09:47:30.792  INFO 35968 --- [http-nio-8080-exec-4] c.f.config.LogInFilter                   : 拦截到请求GET:/download_img/label1702969591499
2024-01-05 09:47:30.793  INFO 35968 --- [http-nio-8080-exec-2] c.f.config.LogInFilter                   : 拦截到请求GET:/download_img/label1686791269437
2024-01-05 09:47:30.820  INFO 35968 --- [http-nio-8080-exec-1] c.f.config.LogInFilter                   : 拦截到请求GET:/download_img/label1703492016565
2024-01-05 09:47:31.515  INFO 35968 --- [http-nio-8080-exec-10] c.f.config.LogInFilter                   : 拦截到请求GET:/patrol
2024-01-05 09:47:31.620  INFO 35968 --- [http-nio-8080-exec-9] c.f.config.LogInFilter                   : 拦截到请求GET:/download_img/head1
2024-01-05 09:47:31.639  INFO 35968 --- [http-nio-8080-exec-2] c.f.config.LogInFilter                   : 拦截到请求GET:/download_img/head1686791086084
2024-01-05 09:47:31.639  INFO 35968 --- [http-nio-8080-exec-6] c.f.config.LogInFilter                   : 拦截到请求GET:/download_img/head1686790797930
2024-01-05 09:47:31.641  INFO 35968 --- [http-nio-8080-exec-7] c.f.config.LogInFilter                   : 拦截到请求GET:/download_img/head1686791129871
2024-01-05 09:47:31.641  INFO 35968 --- [http-nio-8080-exec-3] c.f.config.LogInFilter                   : 拦截到请求GET:/download_img/head1686792182132
2024-01-05 09:47:31.641  INFO 35968 --- [http-nio-8080-exec-5] c.f.config.LogInFilter                   : 拦截到请求GET:/download_img/head1686792250739
2024-01-05 09:47:31.642  INFO 35968 --- [http-nio-8080-exec-8] c.f.config.LogInFilter                   : 拦截到请求GET:/download_img/head1686792670254
2024-01-05 09:47:31.655  INFO 35968 --- [http-nio-8080-exec-4] c.f.config.LogInFilter                   : 拦截到请求GET:/download_img/head1686792809251
2024-01-05 09:47:31.656  INFO 35968 --- [http-nio-8080-exec-1] c.f.config.LogInFilter                   : 拦截到请求GET:/download_img/head1686792923783
2024-01-05 09:47:31.658  INFO 35968 --- [http-nio-8080-exec-10] c.f.config.LogInFilter                   : 拦截到请求GET:/download_img/head1686792971425
2024-01-05 09:47:32.755  INFO 35968 --- [http-nio-8080-exec-9] c.f.config.LogInFilter                   : 拦截到请求GET:/label/page
2024-01-05 09:47:32.823  INFO 35968 --- [http-nio-8080-exec-2] c.f.config.LogInFilter                   : 拦截到请求GET:/download_img/label1686789791848
2024-01-05 09:47:32.824  INFO 35968 --- [http-nio-8080-exec-6] c.f.config.LogInFilter                   : 拦截到请求GET:/download_img/label1686791199396
2024-01-05 09:47:32.825  INFO 35968 --- [http-nio-8080-exec-5] c.f.config.LogInFilter                   : 拦截到请求GET:/download_img/label1686791247940
2024-01-05 09:47:32.825  INFO 35968 --- [http-nio-8080-exec-7] c.f.config.LogInFilter                   : 拦截到请求GET:/download_img/label1686791269437
2024-01-05 09:47:32.826  INFO 35968 --- [http-nio-8080-exec-3] c.f.config.LogInFilter                   : 拦截到请求GET:/download_img/label1686791294467
2024-01-05 09:47:32.830  INFO 35968 --- [http-nio-8080-exec-3] c.f.config.LogInFilter                   : 拦截到请求GET:/download_img/label1702969591499
2024-01-05 09:47:32.856  INFO 35968 --- [http-nio-8080-exec-4] c.f.config.LogInFilter                   : 拦截到请求GET:/download_img/label1703492016565
2024-01-05 09:47:34.725  INFO 35968 --- [http-nio-8080-exec-10] c.f.config.LogInFilter                   : 拦截到请求GET:/inform/my_inform
2024-01-05 09:47:50.550  INFO 35968 --- [http-nio-8080-exec-1] c.f.config.LogInFilter                   : 拦截到请求GET:/download_img/head1
2024-01-05 09:48:06.414  INFO 35968 --- [http-nio-8080-exec-9] c.f.config.LogInFilter                   : 拦截到请求GET:/inform/my_inform
2024-01-05 09:48:08.540  INFO 35968 --- [http-nio-8080-exec-6] c.f.config.LogInFilter                   : 拦截到请求GET:/woods
2024-01-05 09:48:08.544  INFO 35968 --- [http-nio-8080-exec-5] c.f.config.LogInFilter                   : 拦截到请求GET:/label
2024-01-05 09:48:08.546  INFO 35968 --- [http-nio-8080-exec-2] c.f.config.LogInFilter                   : 拦截到请求GET:/label_example
2024-01-05 09:48:08.646  INFO 35968 --- [http-nio-8080-exec-8] c.f.config.LogInFilter                   : 拦截到请求GET:/download_img/label1686791199396
2024-01-05 09:48:08.647  INFO 35968 --- [http-nio-8080-exec-7] c.f.config.LogInFilter                   : 拦截到请求GET:/download_img/label1686791294467
2024-01-05 09:48:08.650  INFO 35968 --- [http-nio-8080-exec-3] c.f.config.LogInFilter                   : 拦截到请求GET:/download_img/label1702969591499
2024-01-05 09:48:08.655  INFO 35968 --- [http-nio-8080-exec-4] c.f.config.LogInFilter                   : 拦截到请求GET:/download_img/label1686789791848
2024-01-05 09:48:08.656  INFO 35968 --- [http-nio-8080-exec-10] c.f.config.LogInFilter                   : 拦截到请求GET:/download_img/label1686791247940
2024-01-05 09:48:08.664  INFO 35968 --- [http-nio-8080-exec-1] c.f.config.LogInFilter                   : 拦截到请求GET:/download_img/label1686791269437
2024-01-05 09:48:10.487  INFO 35968 --- [http-nio-8080-exec-9] c.f.config.LogInFilter                   : 拦截到请求GET:/inform/my_inform
2024-01-05 09:48:13.095  INFO 35968 --- [http-nio-8080-exec-6] c.f.config.LogInFilter                   : 拦截到请求GET:/woods
2024-01-05 09:48:13.095  INFO 35968 --- [http-nio-8080-exec-5] c.f.config.LogInFilter                   : 拦截到请求GET:/label
2024-01-05 09:48:13.100  INFO 35968 --- [http-nio-8080-exec-2] c.f.config.LogInFilter                   : 拦截到请求GET:/label_example
2024-01-05 09:48:13.223  INFO 35968 --- [http-nio-8080-exec-8] c.f.config.LogInFilter                   : 拦截到请求GET:/download_img/label1686791199396
2024-01-05 09:48:13.223  INFO 35968 --- [http-nio-8080-exec-7] c.f.config.LogInFilter                   : 拦截到请求GET:/download_img/label1686791294467
2024-01-05 09:48:13.225  INFO 35968 --- [http-nio-8080-exec-3] c.f.config.LogInFilter                   : 拦截到请求GET:/download_img/label1702969591499
2024-01-05 09:48:13.227  INFO 35968 --- [http-nio-8080-exec-10] c.f.config.LogInFilter                   : 拦截到请求GET:/download_img/label1686789791848
2024-01-05 09:48:13.227  INFO 35968 --- [http-nio-8080-exec-4] c.f.config.LogInFilter                   : 拦截到请求GET:/download_img/label1686791247940
2024-01-05 09:48:13.228  INFO 35968 --- [http-nio-8080-exec-1] c.f.config.LogInFilter                   : 拦截到请求GET:/download_img/label1686791269437
2024-01-05 09:48:42.426  INFO 35968 --- [http-nio-8080-exec-8] c.f.config.LogInFilter                   : 拦截到请求GET:/woods
2024-01-05 09:48:42.428  INFO 35968 --- [http-nio-8080-exec-3] c.f.config.LogInFilter                   : 拦截到请求GET:/label
2024-01-05 09:48:42.431  INFO 35968 --- [http-nio-8080-exec-10] c.f.config.LogInFilter                   : 拦截到请求GET:/label_example
2024-01-05 09:48:42.561  INFO 35968 --- [http-nio-8080-exec-4] c.f.config.LogInFilter                   : 拦截到请求GET:/download_img/label1686791199396
2024-01-05 09:48:42.567  INFO 35968 --- [http-nio-8080-exec-1] c.f.config.LogInFilter                   : 拦截到请求GET:/download_img/label1686791294467
2024-01-05 09:48:42.570  INFO 35968 --- [http-nio-8080-exec-9] c.f.config.LogInFilter                   : 拦截到请求GET:/download_img/label1702969591499
2024-01-05 09:48:42.572  INFO 35968 --- [http-nio-8080-exec-7] c.f.config.LogInFilter                   : 拦截到请求GET:/download_img/label1686789791848
2024-01-05 09:48:42.578  INFO 35968 --- [http-nio-8080-exec-2] c.f.config.LogInFilter                   : 拦截到请求GET:/download_img/label1686791247940
2024-01-05 09:48:42.579  INFO 35968 --- [http-nio-8080-exec-5] c.f.config.LogInFilter                   : 拦截到请求GET:/download_img/label1686791269437
2024-01-05 09:48:48.502  INFO 35968 --- [http-nio-8080-exec-6] c.f.config.LogInFilter                   : 拦截到请求GET:/account/login_out
2024-01-05 09:48:48.502  INFO 35968 --- [http-nio-8080-exec-6] c.f.config.LogInFilter                   : /login放行
2024-01-05 09:48:48.837  INFO 35968 --- [http-nio-8080-exec-3] c.f.config.LogInFilter                   : 拦截到请求GET:/verify_code
2024-01-05 09:48:48.837  INFO 35968 --- [http-nio-8080-exec-3] c.f.config.LogInFilter                   : verify放行
2024-01-05 09:48:48.922  INFO 35968 --- [http-nio-8080-exec-8] c.f.config.LogInFilter                   : 拦截到请求GET:/download_img/verify1704419328841
2024-01-05 09:48:48.922  INFO 35968 --- [http-nio-8080-exec-8] c.f.config.LogInFilter                   : verify放行
2024-01-05 09:53:53.303  INFO 35968 --- [http-nio-8080-exec-4] c.f.config.LogInFilter                   : 拦截到请求GET:/account/login
2024-01-05 09:53:53.304  INFO 35968 --- [http-nio-8080-exec-4] c.f.config.LogInFilter                   : /login放行
2024-01-05 09:53:53.684  INFO 35968 --- [http-nio-8080-exec-7] c.f.config.LogInFilter                   : 拦截到请求GET:/download_img/head1
2024-01-05 09:53:53.883  INFO 35968 --- [http-nio-8080-exec-9] c.f.config.LogInFilter                   : 拦截到请求GET:/personal_information/one
2024-01-05 09:53:53.885  INFO 35968 --- [http-nio-8080-exec-10] c.f.config.LogInFilter                   : 拦截到请求GET:/woods/by_id
2024-01-05 09:53:54.396  INFO 35968 --- [http-nio-8080-exec-5] c.f.config.LogInFilter                   : 拦截到请求GET:/woods
2024-01-05 09:53:54.398  INFO 35968 --- [http-nio-8080-exec-6] c.f.config.LogInFilter                   : 拦截到请求GET:/label
2024-01-05 09:53:54.401  INFO 35968 --- [http-nio-8080-exec-8] c.f.config.LogInFilter                   : 拦截到请求GET:/label_example
2024-01-05 09:53:54.583  INFO 35968 --- [http-nio-8080-exec-2] c.f.config.LogInFilter                   : 拦截到请求GET:/download_img/label1686791199396
2024-01-05 09:53:54.588  INFO 35968 --- [http-nio-8080-exec-3] c.f.config.LogInFilter                   : 拦截到请求GET:/download_img/label1686791294467
2024-01-05 09:53:54.588  INFO 35968 --- [http-nio-8080-exec-1] c.f.config.LogInFilter                   : 拦截到请求GET:/download_img/label1702969591499
2024-01-05 09:53:54.593  INFO 35968 --- [http-nio-8080-exec-7] c.f.config.LogInFilter                   : 拦截到请求GET:/download_img/label1686791247940
2024-01-05 09:53:54.592  INFO 35968 --- [http-nio-8080-exec-4] c.f.config.LogInFilter                   : 拦截到请求GET:/download_img/label1686789791848
2024-01-05 09:53:54.593  INFO 35968 --- [http-nio-8080-exec-9] c.f.config.LogInFilter                   : 拦截到请求GET:/download_img/label1686791269437
2024-01-05 09:54:10.047  INFO 35968 --- [http-nio-8080-exec-10] c.f.config.LogInFilter                   : 拦截到请求GET:/label_example/all_correlation
2024-01-05 09:54:10.164  INFO 35968 --- [http-nio-8080-exec-6] c.f.config.LogInFilter                   : 拦截到请求GET:/download_img/example1687141419379
2024-01-05 09:54:13.014  INFO 35968 --- [http-nio-8080-exec-5] c.f.config.LogInFilter                   : 拦截到请求GET:/label_example/all_correlation
2024-01-05 09:54:13.064  INFO 35968 --- [http-nio-8080-exec-8] c.f.config.LogInFilter                   : 拦截到请求GET:/download_img/example1686797968494
2024-01-05 09:54:13.065  INFO 35968 --- [http-nio-8080-exec-2] c.f.config.LogInFilter                   : 拦截到请求GET:/download_img/example1686797965286
2024-01-05 09:54:14.371  INFO 35968 --- [http-nio-8080-exec-3] c.f.config.LogInFilter                   : 拦截到请求GET:/label_example/all_correlation
2024-01-05 09:54:15.733  INFO 35968 --- [http-nio-8080-exec-1] c.f.config.LogInFilter                   : 拦截到请求GET:/label_example/all_correlation
2024-01-05 09:54:15.790  INFO 35968 --- [http-nio-8080-exec-9] c.f.config.LogInFilter                   : 拦截到请求GET:/download_img/example1702969729460
2024-01-05 09:54:18.362  INFO 35968 --- [http-nio-8080-exec-4] c.f.config.LogInFilter                   : 拦截到请求GET:/label_example/all_correlation
2024-01-05 09:54:21.843  INFO 35968 --- [http-nio-8080-exec-7] c.f.config.LogInFilter                   : 拦截到请求GET:/label_example/all_correlation
2024-01-05 09:54:21.913  INFO 35968 --- [http-nio-8080-exec-10] c.f.config.LogInFilter                   : 拦截到请求GET:/download_img/example1686798033161
2024-01-05 09:54:21.914  INFO 35968 --- [http-nio-8080-exec-6] c.f.config.LogInFilter                   : 拦截到请求GET:/download_img/example1686798011365
2024-01-05 09:54:21.915  INFO 35968 --- [http-nio-8080-exec-5] c.f.config.LogInFilter                   : 拦截到请求GET:/download_img/example1686798008236
2024-01-05 09:54:23.634  INFO 35968 --- [http-nio-8080-exec-8] c.f.config.LogInFilter                   : 拦截到请求GET:/label_example/all_correlation
2024-01-05 09:54:23.682  INFO 35968 --- [http-nio-8080-exec-2] c.f.config.LogInFilter                   : 拦截到请求GET:/download_img/example1686791491229
2024-01-05 09:54:25.440  INFO 35968 --- [http-nio-8080-exec-3] c.f.config.LogInFilter                   : 拦截到请求GET:/label_example/all_correlation
2024-01-05 09:54:25.480  INFO 35968 --- [http-nio-8080-exec-1] c.f.config.LogInFilter                   : 拦截到请求GET:/download_img/example1686791451468
2024-01-05 09:54:27.154  INFO 35968 --- [http-nio-8080-exec-9] c.f.config.LogInFilter                   : 拦截到请求GET:/label_example/all_correlation
2024-01-05 09:54:27.204  INFO 35968 --- [http-nio-8080-exec-4] c.f.config.LogInFilter                   : 拦截到请求GET:/download_img/example1686798261294
2024-01-05 09:54:35.856  INFO 35968 --- [http-nio-8080-exec-7] c.f.config.LogInFilter                   : 拦截到请求GET:/dependency/leaflet/images/marker-icon.png
2024-01-05 09:54:35.856  INFO 35968 --- [http-nio-8080-exec-7] c.f.config.LogInFilter                   : /dependency放行
2024-01-05 09:54:35.857  INFO 35968 --- [http-nio-8080-exec-10] c.f.config.LogInFilter                   : 拦截到请求GET:/dependency/leaflet/images/marker-icon-2x.png
2024-01-05 09:54:35.857  INFO 35968 --- [http-nio-8080-exec-10] c.f.config.LogInFilter                   : /dependency放行
2024-01-05 09:54:35.865  INFO 35968 --- [http-nio-8080-exec-6] c.f.config.LogInFilter                   : 拦截到请求GET:/dependency/leaflet/images/marker-shadow.png
2024-01-05 09:54:35.866  INFO 35968 --- [http-nio-8080-exec-6] c.f.config.LogInFilter                   : /dependency放行
2024-01-05 09:54:50.955  INFO 35968 --- [http-nio-8080-exec-5] c.f.config.LogInFilter                   : 拦截到请求GET:/label/page
2024-01-05 09:54:51.124  INFO 35968 --- [http-nio-8080-exec-8] c.f.config.LogInFilter                   : 拦截到请求GET:/download_img/label1686789791848
2024-01-05 09:54:51.125  INFO 35968 --- [http-nio-8080-exec-2] c.f.config.LogInFilter                   : 拦截到请求GET:/download_img/label1686791199396
2024-01-05 09:54:51.130  INFO 35968 --- [http-nio-8080-exec-1] c.f.config.LogInFilter                   : 拦截到请求GET:/download_img/label1686791269437
2024-01-05 09:54:51.130  INFO 35968 --- [http-nio-8080-exec-3] c.f.config.LogInFilter                   : 拦截到请求GET:/download_img/label1686791247940
2024-01-05 09:54:51.131  INFO 35968 --- [http-nio-8080-exec-9] c.f.config.LogInFilter                   : 拦截到请求GET:/download_img/label1686791294467
2024-01-05 09:54:51.132  INFO 35968 --- [http-nio-8080-exec-4] c.f.config.LogInFilter                   : 拦截到请求GET:/download_img/label1702969591499
2024-01-05 09:54:51.170  INFO 35968 --- [http-nio-8080-exec-10] c.f.config.LogInFilter                   : 拦截到请求GET:/download_img/label1703492016565
2024-01-05 09:54:54.386  INFO 35968 --- [http-nio-8080-exec-7] c.f.config.LogInFilter                   : 拦截到请求GET:/html/add_label.html
2024-01-05 09:54:54.387  INFO 35968 --- [http-nio-8080-exec-7] c.f.config.LogInFilter                   : /html放行
2024-01-05 09:54:54.452  INFO 35968 --- [http-nio-8080-exec-6] c.f.config.LogInFilter                   : 拦截到请求GET:/css/add_label.css
2024-01-05 09:54:54.452  INFO 35968 --- [http-nio-8080-exec-6] c.f.config.LogInFilter                   : /css放行
2024-01-05 09:54:56.599  INFO 35968 --- [http-nio-8080-exec-5] c.f.config.LogInFilter                   : 拦截到请求GET:/label/page
2024-01-05 09:54:56.695  INFO 35968 --- [http-nio-8080-exec-8] c.f.config.LogInFilter                   : 拦截到请求GET:/download_img/label1686789791848
2024-01-05 09:54:56.696  INFO 35968 --- [http-nio-8080-exec-2] c.f.config.LogInFilter                   : 拦截到请求GET:/download_img/label1686791199396
2024-01-05 09:54:56.710  INFO 35968 --- [http-nio-8080-exec-1] c.f.config.LogInFilter                   : 拦截到请求GET:/download_img/label1686791247940
2024-01-05 09:54:56.716  INFO 35968 --- [http-nio-8080-exec-3] c.f.config.LogInFilter                   : 拦截到请求GET:/download_img/label1686791269437
2024-01-05 09:54:56.717  INFO 35968 --- [http-nio-8080-exec-9] c.f.config.LogInFilter                   : 拦截到请求GET:/download_img/label1686791294467
2024-01-05 09:54:56.730  INFO 35968 --- [http-nio-8080-exec-4] c.f.config.LogInFilter                   : 拦截到请求GET:/download_img/label1702969591499
2024-01-05 09:54:56.746  INFO 35968 --- [http-nio-8080-exec-10] c.f.config.LogInFilter                   : 拦截到请求GET:/download_img/label1703492016565
2024-01-05 09:55:00.335  INFO 35968 --- [http-nio-8080-exec-7] c.f.config.LogInFilter                   : 拦截到请求GET:/woods
2024-01-05 09:55:00.336  INFO 35968 --- [http-nio-8080-exec-6] c.f.config.LogInFilter                   : 拦截到请求GET:/label
2024-01-05 09:55:00.339  INFO 35968 --- [http-nio-8080-exec-5] c.f.config.LogInFilter                   : 拦截到请求GET:/label_example
2024-01-05 09:55:00.425  INFO 35968 --- [http-nio-8080-exec-8] c.f.config.LogInFilter                   : 拦截到请求GET:/download_img/label1686791199396
2024-01-05 09:55:00.428  INFO 35968 --- [http-nio-8080-exec-2] c.f.config.LogInFilter                   : 拦截到请求GET:/download_img/label1686791294467
2024-01-05 09:55:00.430  INFO 35968 --- [http-nio-8080-exec-1] c.f.config.LogInFilter                   : 拦截到请求GET:/download_img/label1702969591499
2024-01-05 09:55:00.430  INFO 35968 --- [http-nio-8080-exec-3] c.f.config.LogInFilter                   : 拦截到请求GET:/download_img/label1686789791848
2024-01-05 09:55:00.433  INFO 35968 --- [http-nio-8080-exec-9] c.f.config.LogInFilter                   : 拦截到请求GET:/download_img/label1686791247940
2024-01-05 09:55:00.434  INFO 35968 --- [http-nio-8080-exec-4] c.f.config.LogInFilter                   : 拦截到请求GET:/download_img/label1686791269437
2024-01-05 09:55:05.560  INFO 35968 --- [http-nio-8080-exec-10] c.f.config.LogInFilter                   : 拦截到请求GET:/personal_information
2024-01-05 09:55:05.673  INFO 35968 --- [http-nio-8080-exec-6] c.f.config.LogInFilter                   : 拦截到请求GET:/woods
2024-01-05 09:55:05.773  INFO 35968 --- [http-nio-8080-exec-7] c.f.config.LogInFilter                   : 拦截到请求GET:/download_img/head1686790797930
2024-01-05 09:55:05.791  INFO 35968 --- [http-nio-8080-exec-5] c.f.config.LogInFilter                   : 拦截到请求GET:/download_img/head1686791086084
2024-01-05 09:55:05.791  INFO 35968 --- [http-nio-8080-exec-8] c.f.config.LogInFilter                   : 拦截到请求GET:/download_img/head1686791129871
2024-01-05 09:55:05.792  INFO 35968 --- [http-nio-8080-exec-2] c.f.config.LogInFilter                   : 拦截到请求GET:/download_img/head1686792182132
2024-01-05 09:55:05.809  INFO 35968 --- [http-nio-8080-exec-1] c.f.config.LogInFilter                   : 拦截到请求GET:/download_img/head1686792250739
2024-01-05 09:55:05.809  INFO 35968 --- [http-nio-8080-exec-3] c.f.config.LogInFilter                   : 拦截到请求GET:/download_img/head1686792670254
2024-01-05 09:55:05.922  INFO 35968 --- [http-nio-8080-exec-9] c.f.config.LogInFilter                   : 拦截到请求GET:/download_img/head1686792809251
2024-01-05 09:55:05.923  INFO 35968 --- [http-nio-8080-exec-4] c.f.config.LogInFilter                   : 拦截到请求GET:/download_img/head1686792923783
2024-01-05 09:55:05.925  INFO 35968 --- [http-nio-8080-exec-10] c.f.config.LogInFilter                   : 拦截到请求GET:/download_img/head1686792971425
2024-01-05 09:55:05.930  INFO 35968 --- [http-nio-8080-exec-6] c.f.config.LogInFilter                   : 拦截到请求GET:/download_img/head1686792971429
2024-01-05 09:55:14.317  INFO 35968 --- [http-nio-8080-exec-7] c.f.config.LogInFilter                   : 拦截到请求GET:/label_example/event
2024-01-05 09:55:22.483  INFO 35968 --- [http-nio-8080-exec-5] c.f.config.LogInFilter                   : 拦截到请求GET:/task
2024-01-05 09:55:22.546  INFO 35968 --- [http-nio-8080-exec-8] c.f.config.LogInFilter                   : 拦截到请求GET:/download_img/task1703492244560
2024-01-05 09:55:22.547  INFO 35968 --- [http-nio-8080-exec-2] c.f.config.LogInFilter                   : 拦截到请求GET:/download_img/task1703492262333
2024-01-05 09:55:33.182  INFO 35968 --- [http-nio-8080-exec-1] c.f.config.LogInFilter                   : 拦截到请求GET:/patrol/run
2024-01-05 09:55:33.184  INFO 35968 --- [http-nio-8080-exec-3] c.f.config.LogInFilter                   : 拦截到请求GET:/patrol/my_patrol
2024-01-05 09:55:33.243  INFO 35968 --- [http-nio-8080-exec-9] c.f.config.LogInFilter                   : 拦截到请求GET:/download_img/patrol1686798346521
2024-01-05 09:55:33.246  INFO 35968 --- [http-nio-8080-exec-10] c.f.config.LogInFilter                   : 拦截到请求GET:/download_img/patrol1686798387052
2024-01-05 09:55:33.247  INFO 35968 --- [http-nio-8080-exec-4] c.f.config.LogInFilter                   : 拦截到请求GET:/download_img/patrol1686798431638
2024-01-05 09:55:37.750  INFO 35968 --- [http-nio-8080-exec-6] c.f.config.LogInFilter                   : 拦截到请求GET:/inform/my_inform
2024-01-05 09:55:40.974  INFO 35968 --- [http-nio-8080-exec-7] c.f.config.LogInFilter                   : 拦截到请求GET:/inform/my_inform
2024-01-05 09:55:49.062  INFO 35968 --- [http-nio-8080-exec-5] c.f.config.LogInFilter                   : 拦截到请求GET:/patrol
2024-01-05 09:55:49.162  INFO 35968 --- [http-nio-8080-exec-2] c.f.config.LogInFilter                   : 拦截到请求GET:/download_img/head1
2024-01-05 09:55:49.163  INFO 35968 --- [http-nio-8080-exec-8] c.f.config.LogInFilter                   : 拦截到请求GET:/download_img/head1686790797930
2024-01-05 09:55:49.164  INFO 35968 --- [http-nio-8080-exec-1] c.f.config.LogInFilter                   : 拦截到请求GET:/download_img/head1686791086084
2024-01-05 09:55:49.165  INFO 35968 --- [http-nio-8080-exec-3] c.f.config.LogInFilter                   : 拦截到请求GET:/download_img/head1686791129871
2024-01-05 09:55:49.165  INFO 35968 --- [http-nio-8080-exec-9] c.f.config.LogInFilter                   : 拦截到请求GET:/download_img/head1686792182132
2024-01-05 09:55:49.166  INFO 35968 --- [http-nio-8080-exec-10] c.f.config.LogInFilter                   : 拦截到请求GET:/download_img/head1686792250739
2024-01-05 09:55:49.182  INFO 35968 --- [http-nio-8080-exec-4] c.f.config.LogInFilter                   : 拦截到请求GET:/download_img/head1686792670254
2024-01-05 09:55:49.185  INFO 35968 --- [http-nio-8080-exec-6] c.f.config.LogInFilter                   : 拦截到请求GET:/download_img/head1686792809251
2024-01-05 09:55:49.198  INFO 35968 --- [http-nio-8080-exec-7] c.f.config.LogInFilter                   : 拦截到请求GET:/download_img/head1686792923783
2024-01-05 09:55:49.204  INFO 35968 --- [http-nio-8080-exec-5] c.f.config.LogInFilter                   : 拦截到请求GET:/download_img/head1686792971425
2024-01-05 09:55:53.295  INFO 35968 --- [http-nio-8080-exec-2] c.f.config.LogInFilter                   : 拦截到请求GET:/patrol/id_patrol
2024-01-05 09:55:53.345  INFO 35968 --- [http-nio-8080-exec-8] c.f.config.LogInFilter                   : 拦截到请求GET:/download_img/patrol1686797504491
2024-01-05 09:55:53.345  INFO 35968 --- [http-nio-8080-exec-1] c.f.config.LogInFilter                   : 拦截到请求GET:/download_img/patrol1686797507441
2024-01-05 09:55:53.347  INFO 35968 --- [http-nio-8080-exec-3] c.f.config.LogInFilter                   : 拦截到请求GET:/download_img/patrol1687159166184
2024-01-05 09:55:53.351  INFO 35968 --- [http-nio-8080-exec-9] c.f.config.LogInFilter                   : 拦截到请求GET:/download_img/patrol1687161876374
2024-01-05 09:55:53.356  INFO 35968 --- [http-nio-8080-exec-9] c.f.config.LogInFilter                   : 拦截到请求GET:/download_img/patrol1687161880498
2024-01-05 09:55:53.358  INFO 35968 --- [http-nio-8080-exec-10] c.f.config.LogInFilter                   : 拦截到请求GET:/download_img/patrol1687159170223
2024-01-05 09:55:53.371  INFO 35968 --- [http-nio-8080-exec-6] c.f.config.LogInFilter                   : 拦截到请求GET:/download_img/patrol1703481563407
2024-01-05 09:55:53.371  INFO 35968 --- [http-nio-8080-exec-7] c.f.config.LogInFilter                   : 拦截到请求GET:/download_img/patrol1703492327144
2024-01-05 09:55:58.837  INFO 35968 --- [http-nio-8080-exec-5] c.f.config.LogInFilter                   : 拦截到请求GET:/download_img/head1
2024-01-05 09:56:06.792  INFO 35968 --- [http-nio-8080-exec-2] c.f.config.LogInFilter                   : 拦截到请求GET:/woods
2024-01-05 09:56:06.799  INFO 35968 --- [http-nio-8080-exec-1] c.f.config.LogInFilter                   : 拦截到请求GET:/label
2024-01-05 09:56:06.800  INFO 35968 --- [http-nio-8080-exec-8] c.f.config.LogInFilter                   : 拦截到请求GET:/label_example
2024-01-05 09:56:06.923  INFO 35968 --- [http-nio-8080-exec-3] c.f.config.LogInFilter                   : 拦截到请求GET:/download_img/label1686791199396
2024-01-05 09:56:06.924  INFO 35968 --- [http-nio-8080-exec-4] c.f.config.LogInFilter                   : 拦截到请求GET:/download_img/label1686791294467
2024-01-05 09:56:06.926  INFO 35968 --- [http-nio-8080-exec-9] c.f.config.LogInFilter                   : 拦截到请求GET:/download_img/label1702969591499
2024-01-05 09:56:06.927  INFO 35968 --- [http-nio-8080-exec-10] c.f.config.LogInFilter                   : 拦截到请求GET:/download_img/label1686789791848
2024-01-05 09:56:06.927  INFO 35968 --- [http-nio-8080-exec-7] c.f.config.LogInFilter                   : 拦截到请求GET:/download_img/label1686791247940
2024-01-05 09:56:06.927  INFO 35968 --- [http-nio-8080-exec-6] c.f.config.LogInFilter                   : 拦截到请求GET:/download_img/label1686791269437
2024-01-05 09:59:56.095  INFO 35968 --- [http-nio-8080-exec-6] c.f.config.LogInFilter                   : 拦截到请求GET:/label_example/all_correlation
2024-01-05 09:59:56.167  INFO 35968 --- [http-nio-8080-exec-5] c.f.config.LogInFilter                   : 拦截到请求GET:/download_img/example1686798128051
2024-01-05 09:59:56.170  INFO 35968 --- [http-nio-8080-exec-2] c.f.config.LogInFilter                   : 拦截到请求GET:/download_img/example1686798141288
2024-01-05 09:59:56.173  INFO 35968 --- [http-nio-8080-exec-1] c.f.config.LogInFilter                   : 拦截到请求GET:/download_img/example1686884463896
2024-01-05 09:59:57.191  INFO 35968 --- [http-nio-8080-exec-7] c.f.config.LogInFilter                   : 拦截到请求GET:/label_example/all_correlation
2024-01-05 09:59:57.263  INFO 35968 --- [http-nio-8080-exec-4] c.f.config.LogInFilter                   : 拦截到请求GET:/download_img/example1686798110515
2024-01-05 09:59:57.267  INFO 35968 --- [http-nio-8080-exec-3] c.f.config.LogInFilter                   : 拦截到请求GET:/download_img/example1686798163585
2024-01-05 09:59:59.031  INFO 35968 --- [http-nio-8080-exec-9] c.f.config.LogInFilter                   : 拦截到请求GET:/label_example/all_correlation
2024-01-05 09:59:59.098  INFO 35968 --- [http-nio-8080-exec-10] c.f.config.LogInFilter                   : 拦截到请求GET:/download_img/example1686798011365
2024-01-05 09:59:59.099  INFO 35968 --- [http-nio-8080-exec-8] c.f.config.LogInFilter                   : 拦截到请求GET:/download_img/example1686798008236
2024-01-05 09:59:59.099  INFO 35968 --- [http-nio-8080-exec-6] c.f.config.LogInFilter                   : 拦截到请求GET:/download_img/example1686798033161
2024-01-05 10:00:01.606  INFO 35968 --- [http-nio-8080-exec-2] c.f.config.LogInFilter                   : 拦截到请求GET:/label_example/all_correlation
2024-01-05 10:00:02.363  INFO 35968 --- [http-nio-8080-exec-5] c.f.config.LogInFilter                   : 拦截到请求GET:/label_example/all_correlation
2024-01-05 10:00:03.722  INFO 35968 --- [http-nio-8080-exec-1] c.f.config.LogInFilter                   : 拦截到请求GET:/label_example/all_correlation
2024-01-05 10:00:04.828  INFO 35968 --- [http-nio-8080-exec-7] c.f.config.LogInFilter                   : 拦截到请求GET:/label_example/all_correlation
2024-01-05 10:00:05.815  INFO 35968 --- [http-nio-8080-exec-4] c.f.config.LogInFilter                   : 拦截到请求GET:/label_example/all_correlation
2024-01-05 10:00:29.406  INFO 35968 --- [http-nio-8080-exec-3] c.f.config.LogInFilter                   : 拦截到请求GET:/download_img/label1686789791848
2024-01-05 10:00:29.406  INFO 35968 --- [http-nio-8080-exec-9] c.f.config.LogInFilter                   : 拦截到请求GET:/download_img/label1686791247940
2024-01-05 10:00:29.406  INFO 35968 --- [http-nio-8080-exec-6] c.f.config.LogInFilter                   : 拦截到请求GET:/download_img/label1686791269437
2024-01-05 10:03:27.899  INFO 35968 --- [SpringApplicationShutdownHook] com.alibaba.druid.pool.DruidDataSource   : {dataSource-1} closing ...
2024-01-05 10:03:27.914  INFO 35968 --- [SpringApplicationShutdownHook] com.alibaba.druid.pool.DruidDataSource   : {dataSource-1} closed
